This file contains any messages produced by compilers while
running configure, to aid debugging if configure makes a mistake.

It was created by FairCoin Core configure 1.5.2, which was
generated by GNU Autoconf 2.69.  Invocation command line was

  $ ./configure --with-incompatible-bdb --disable-tests

## --------- ##
## Platform. ##
## --------- ##

hostname = MacBook-Pro-2.local
uname -m = x86_64
uname -r = 15.3.0
uname -s = Darwin
uname -v = Darwin Kernel Version 15.3.0: Thu Dec 10 18:40:58 PST 2015; root:xnu-3248.30.4~1/RELEASE_X86_64

/usr/bin/uname -p = i386
/bin/uname -X     = unknown

/bin/arch              = unknown
/usr/bin/arch -k       = unknown
/usr/convex/getsysinfo = unknown
/usr/bin/hostinfo      = Mach kernel version:
	 Darwin Kernel Version 15.3.0: Thu Dec 10 18:40:58 PST 2015; root:xnu-3248.30.4~1/RELEASE_X86_64
Kernel configured for up to 4 processors.
2 processors are physically available.
4 processors are logically available.
Processor type: x86_64h (Intel x86-64h Haswell)
Processors active: 0 1 2 3
Primary memory available: 8.00 gigabytes
Default processor set: 292 tasks, 1650 threads, 4 processors
Load average: 2.36, Mach factor: 1.63
/bin/machine           = unknown
/usr/bin/oslevel       = unknown
/bin/universe          = unknown

PATH: /Library/Java/JavaVirtualMachines/jdk1.8.0_11.jdk/Contents/Home/bin
PATH: /usr/local/var/rbenv/shims
PATH: /usr/local/Cellar/coreutils/8.24/libexec/gnubin
PATH: /usr/local/sbin
PATH: /usr/local/bin/bin
PATH: /usr/local/var/rbenv/shims
PATH: /usr/local/Cellar/coreutils/8.24/libexec/gnubin
PATH: /usr/local/sbin
PATH: /usr/local/bin/bin
PATH: /usr/local/var/rbenv/shims
PATH: /usr/local/Cellar/coreutils/8.24/libexec/gnubin
PATH: /usr/local/sbin
PATH: /usr/local/bin
PATH: /usr/local/bin
PATH: /usr/bin
PATH: /bin
PATH: /usr/sbin
PATH: /sbin
PATH: /usr/local/MacGPG2/bin
PATH: /Users/rossi/bin
PATH: /Users/rossi/.rvm/bin
PATH: /Users/rossi/.rvm/bin
PATH: /Users/rossi/bin
PATH: /Users/rossi/.rvm/bin
PATH: /Users/rossi/.rvm/bin
PATH: /Users/rossi/bin
PATH: /Users/rossi/.rvm/bin
PATH: /Users/rossi/.rvm/bin


## ----------- ##
## Core tests. ##
## ----------- ##

configure:2736: checking build system type
configure:2750: result: x86_64-apple-darwin15.3.0
configure:2770: checking host system type
configure:2783: result: x86_64-apple-darwin15.3.0
configure:2930: checking for a BSD-compatible install
configure:2998: result: /usr/bin/install -c
configure:3009: checking whether build environment is sane
configure:3064: result: yes
configure:3215: checking for a thread-safe mkdir -p
configure:3254: result: build-aux/install-sh -c -d
configure:3261: checking for gawk
configure:3291: result: no
configure:3261: checking for mawk
configure:3291: result: no
configure:3261: checking for nawk
configure:3291: result: no
configure:3261: checking for awk
configure:3277: found /usr/bin/awk
configure:3288: result: awk
configure:3299: checking whether make sets $(MAKE)
configure:3321: result: yes
configure:3350: checking whether make supports nested variables
configure:3367: result: yes
configure:3486: checking whether to enable maintainer-specific portions of Makefiles
configure:3495: result: yes
configure:3520: checking whether make supports nested variables
configure:3537: result: yes
configure:3710: checking for g++
configure:3726: found /usr/bin/g++
configure:3737: result: g++
configure:3764: checking for C++ compiler version
configure:3773: g++ --version >&5
Apple LLVM version 7.0.2 (clang-700.1.81)
Target: x86_64-apple-darwin15.3.0
Thread model: posix
Configured with: --prefix=/Applications/Xcode.app/Contents/Developer/usr --with-gxx-include-dir=/Applications/Xcode.app/Contents/Developer/Platforms/MacOSX.platform/Developer/SDKs/MacOSX10.11.sdk/usr/include/c++/4.2.1
configure:3784: $? = 0
configure:3773: g++ -v >&5
Configured with: --prefix=/Applications/Xcode.app/Contents/Developer/usr --with-gxx-include-dir=/Applications/Xcode.app/Contents/Developer/Platforms/MacOSX.platform/Developer/SDKs/MacOSX10.11.sdk/usr/include/c++/4.2.1
Apple LLVM version 7.0.2 (clang-700.1.81)
Target: x86_64-apple-darwin15.3.0
Thread model: posix
configure:3784: $? = 0
configure:3773: g++ -V >&5
clang: error: argument to '-V' is missing (expected 1 value)
clang: error: no input files
configure:3784: $? = 1
configure:3773: g++ -qversion >&5
clang: error: unknown argument: '-qversion'
clang: error: no input files
configure:3784: $? = 1
configure:3804: checking whether the C++ compiler works
configure:3826: g++    conftest.cpp  >&5
configure:3830: $? = 0
configure:3878: result: yes
configure:3881: checking for C++ compiler default output file name
configure:3883: result: a.out
configure:3889: checking for suffix of executables
configure:3896: g++ -o conftest    conftest.cpp  >&5
configure:3900: $? = 0
configure:3922: result: 
configure:3944: checking whether we are cross compiling
configure:3952: g++ -o conftest    conftest.cpp  >&5
configure:3956: $? = 0
configure:3963: ./conftest
configure:3967: $? = 0
configure:3982: result: no
configure:3987: checking for suffix of object files
configure:4009: g++ -c   conftest.cpp >&5
configure:4013: $? = 0
configure:4034: result: o
configure:4038: checking whether we are using the GNU C++ compiler
configure:4057: g++ -c   conftest.cpp >&5
configure:4057: $? = 0
configure:4066: result: yes
configure:4075: checking whether g++ accepts -g
configure:4095: g++ -c -g  conftest.cpp >&5
configure:4095: $? = 0
configure:4136: result: yes
configure:4170: checking for style of include used by make
configure:4198: result: GNU
configure:4224: checking dependency style of g++
configure:4335: result: gcc3
configure:4398: checking for gcc
configure:4414: found /usr/bin/gcc
configure:4425: result: gcc
configure:4654: checking for C compiler version
configure:4663: gcc --version >&5
Apple LLVM version 7.0.2 (clang-700.1.81)
Target: x86_64-apple-darwin15.3.0
Thread model: posix
Configured with: --prefix=/Applications/Xcode.app/Contents/Developer/usr --with-gxx-include-dir=/Applications/Xcode.app/Contents/Developer/Platforms/MacOSX.platform/Developer/SDKs/MacOSX10.11.sdk/usr/include/c++/4.2.1
configure:4674: $? = 0
configure:4663: gcc -v >&5
Configured with: --prefix=/Applications/Xcode.app/Contents/Developer/usr --with-gxx-include-dir=/Applications/Xcode.app/Contents/Developer/Platforms/MacOSX.platform/Developer/SDKs/MacOSX10.11.sdk/usr/include/c++/4.2.1
Apple LLVM version 7.0.2 (clang-700.1.81)
Target: x86_64-apple-darwin15.3.0
Thread model: posix
configure:4674: $? = 0
configure:4663: gcc -V >&5
clang: error: argument to '-V' is missing (expected 1 value)
clang: error: no input files
configure:4674: $? = 1
configure:4663: gcc -qversion >&5
clang: error: unknown argument: '-qversion'
clang: error: no input files
configure:4674: $? = 1
configure:4678: checking whether we are using the GNU C compiler
configure:4697: gcc -c   conftest.c >&5
configure:4697: $? = 0
configure:4706: result: yes
configure:4715: checking whether gcc accepts -g
configure:4735: gcc -c -g  conftest.c >&5
configure:4735: $? = 0
configure:4776: result: yes
configure:4793: checking for gcc option to accept ISO C89
configure:4856: gcc  -c -g -O2  conftest.c >&5
configure:4856: $? = 0
configure:4869: result: none needed
configure:4894: checking whether gcc understands -c and -o together
configure:4916: gcc -c conftest.c -o conftest2.o
configure:4919: $? = 0
configure:4916: gcc -c conftest.c -o conftest2.o
configure:4919: $? = 0
configure:4931: result: yes
configure:4950: checking dependency style of gcc
configure:5061: result: gcc3
configure:5081: checking how to run the C preprocessor
configure:5112: gcc -E  conftest.c
configure:5112: $? = 0
configure:5126: gcc -E  conftest.c
conftest.c:9:10: fatal error: 'ac_nonexistent.h' file not found
#include <ac_nonexistent.h>
         ^
1 error generated.
configure:5126: $? = 1
configure: failed program was:
| /* confdefs.h */
| #define PACKAGE_NAME "FairCoin Core"
| #define PACKAGE_TARNAME "faircoin"
| #define PACKAGE_VERSION "1.5.2"
| #define PACKAGE_STRING "FairCoin Core 1.5.2"
| #define PACKAGE_BUGREPORT "support@fair-coin.org"
| #define PACKAGE_URL "https://fair-coin.org/"
| /* end confdefs.h.  */
| #include <ac_nonexistent.h>
configure:5151: result: gcc -E
configure:5171: gcc -E  conftest.c
configure:5171: $? = 0
configure:5185: gcc -E  conftest.c
conftest.c:9:10: fatal error: 'ac_nonexistent.h' file not found
#include <ac_nonexistent.h>
         ^
1 error generated.
configure:5185: $? = 1
configure: failed program was:
| /* confdefs.h */
| #define PACKAGE_NAME "FairCoin Core"
| #define PACKAGE_TARNAME "faircoin"
| #define PACKAGE_VERSION "1.5.2"
| #define PACKAGE_STRING "FairCoin Core 1.5.2"
| #define PACKAGE_BUGREPORT "support@fair-coin.org"
| #define PACKAGE_URL "https://fair-coin.org/"
| /* end confdefs.h.  */
| #include <ac_nonexistent.h>
configure:5218: checking how to run the C++ preprocessor
configure:5245: g++ -E  conftest.cpp
configure:5245: $? = 0
configure:5259: g++ -E  conftest.cpp
conftest.cpp:9:10: fatal error: 'ac_nonexistent.h' file not found
#include <ac_nonexistent.h>
         ^
1 error generated.
configure:5259: $? = 1
configure: failed program was:
| /* confdefs.h */
| #define PACKAGE_NAME "FairCoin Core"
| #define PACKAGE_TARNAME "faircoin"
| #define PACKAGE_VERSION "1.5.2"
| #define PACKAGE_STRING "FairCoin Core 1.5.2"
| #define PACKAGE_BUGREPORT "support@fair-coin.org"
| #define PACKAGE_URL "https://fair-coin.org/"
| /* end confdefs.h.  */
| #include <ac_nonexistent.h>
configure:5284: result: g++ -E
configure:5304: g++ -E  conftest.cpp
configure:5304: $? = 0
configure:5318: g++ -E  conftest.cpp
conftest.cpp:9:10: fatal error: 'ac_nonexistent.h' file not found
#include <ac_nonexistent.h>
         ^
1 error generated.
configure:5318: $? = 1
configure: failed program was:
| /* confdefs.h */
| #define PACKAGE_NAME "FairCoin Core"
| #define PACKAGE_TARNAME "faircoin"
| #define PACKAGE_VERSION "1.5.2"
| #define PACKAGE_STRING "FairCoin Core 1.5.2"
| #define PACKAGE_BUGREPORT "support@fair-coin.org"
| #define PACKAGE_URL "https://fair-coin.org/"
| /* end confdefs.h.  */
| #include <ac_nonexistent.h>
configure:5401: checking for gcc
configure:5417: found /usr/bin/gcc
configure:5428: result: gcc
configure:5453: checking for Objective C compiler version
configure:5462: gcc --version >&5
Apple LLVM version 7.0.2 (clang-700.1.81)
Target: x86_64-apple-darwin15.3.0
Thread model: posix
Configured with: --prefix=/Applications/Xcode.app/Contents/Developer/usr --with-gxx-include-dir=/Applications/Xcode.app/Contents/Developer/Platforms/MacOSX.platform/Developer/SDKs/MacOSX10.11.sdk/usr/include/c++/4.2.1
configure:5473: $? = 0
configure:5462: gcc -v >&5
Configured with: --prefix=/Applications/Xcode.app/Contents/Developer/usr --with-gxx-include-dir=/Applications/Xcode.app/Contents/Developer/Platforms/MacOSX.platform/Developer/SDKs/MacOSX10.11.sdk/usr/include/c++/4.2.1
Apple LLVM version 7.0.2 (clang-700.1.81)
Target: x86_64-apple-darwin15.3.0
Thread model: posix
configure:5473: $? = 0
configure:5462: gcc -V >&5
clang: error: argument to '-V' is missing (expected 1 value)
clang: error: no input files
configure:5473: $? = 1
configure:5462: gcc -qversion >&5
clang: error: unknown argument: '-qversion'
clang: error: no input files
configure:5473: $? = 1
configure:5477: checking whether we are using the GNU Objective C compiler
configure:5496: gcc -c   conftest.m >&5
configure:5496: $? = 0
configure:5505: result: yes
configure:5514: checking whether gcc accepts -g
configure:5534: gcc -c -g  conftest.m >&5
configure:5534: $? = 0
configure:5575: result: yes
configure:5600: checking dependency style of gcc
configure:5709: result: gcc3
configure:5724: checking whether ln -s works
configure:5728: result: yes
configure:5789: checking for g++
configure:5805: found /usr/bin/g++
configure:5816: result: g++
configure:5841: checking for Objective C++ compiler version
configure:5850: g++ --version >&5
Apple LLVM version 7.0.2 (clang-700.1.81)
Target: x86_64-apple-darwin15.3.0
Thread model: posix
Configured with: --prefix=/Applications/Xcode.app/Contents/Developer/usr --with-gxx-include-dir=/Applications/Xcode.app/Contents/Developer/Platforms/MacOSX.platform/Developer/SDKs/MacOSX10.11.sdk/usr/include/c++/4.2.1
configure:5861: $? = 0
configure:5850: g++ -v >&5
Configured with: --prefix=/Applications/Xcode.app/Contents/Developer/usr --with-gxx-include-dir=/Applications/Xcode.app/Contents/Developer/Platforms/MacOSX.platform/Developer/SDKs/MacOSX10.11.sdk/usr/include/c++/4.2.1
Apple LLVM version 7.0.2 (clang-700.1.81)
Target: x86_64-apple-darwin15.3.0
Thread model: posix
configure:5861: $? = 0
configure:5850: g++ -V >&5
clang: error: argument to '-V' is missing (expected 1 value)
clang: error: no input files
configure:5861: $? = 1
configure:5850: g++ -qversion >&5
clang: error: unknown argument: '-qversion'
clang: error: no input files
configure:5861: $? = 1
configure:5865: checking whether we are using the GNU Objective C++ compiler
configure:5884: g++ -c   conftest.mm >&5
configure:5884: $? = 0
configure:5893: result: yes
configure:5902: checking whether g++ accepts -g
configure:5922: g++ -c -g  conftest.mm >&5
configure:5922: $? = 0
configure:5963: result: yes
configure:5988: checking dependency style of g++
configure:6097: result: gcc3
configure:6113: checking for a sed that does not truncate output
configure:6177: result: /usr/bin/sed
configure:6228: checking for ar
configure:6246: found /usr/bin/ar
configure:6258: result: /usr/bin/ar
configure:6326: checking for ranlib
configure:6344: found /usr/bin/ranlib
configure:6356: result: /usr/bin/ranlib
configure:6424: checking for strip
configure:6442: found /usr/bin/strip
configure:6454: result: /usr/bin/strip
configure:6522: checking for gcov
configure:6540: found /usr/bin/gcov
configure:6552: result: /usr/bin/gcov
configure:6576: checking for lcov
configure:6609: result: no
configure:6616: checking for java
configure:6634: found /Library/Java/JavaVirtualMachines/jdk1.8.0_11.jdk/Contents/Home/bin/java
configure:6646: result: /Library/Java/JavaVirtualMachines/jdk1.8.0_11.jdk/Contents/Home/bin/java
configure:6656: checking for genhtml
configure:6689: result: no
configure:6696: checking for git
configure:6714: found /usr/local/bin/git
configure:6726: result: /usr/local/bin/git
configure:6736: checking for ccache
configure:6769: result: no
configure:6776: checking for xgettext
configure:6809: result: no
configure:6816: checking for hexdump
configure:6834: found /usr/bin/hexdump
configure:6846: result: /usr/bin/hexdump
configure:6908: checking for pkg-config
configure:6926: found /usr/local/bin/pkg-config
configure:6938: result: /usr/local/bin/pkg-config
configure:6963: checking pkg-config is at least version 0.9.0
configure:6966: result: yes
configure:8079: checking for port
configure:8109: result: no
configure:8121: checking for brew
configure:8137: found /usr/local/bin/brew
configure:8148: result: brew
configure:8492: checking for grep that handles long lines and -e
configure:8550: result: /usr/bin/grep
configure:8555: checking for egrep
configure:8617: result: /usr/bin/grep -E
configure:8622: checking for ANSI C header files
configure:8642: g++ -c -g -O2 -Wall -Wextra -Wformat -Wformat-security -Wno-unused-parameter  -DBOOST_SPIRIT_THREADSAFE -DHAVE_BUILD_INFO -D__STDC_FORMAT_MACROS -I/usr/local/Cellar/berkeley-db4/4.8.30/include -DMAC_OSX conftest.cpp >&5
configure:8642: $? = 0
configure:8715: g++ -o conftest -g -O2 -Wall -Wextra -Wformat -Wformat-security -Wno-unused-parameter  -DBOOST_SPIRIT_THREADSAFE -DHAVE_BUILD_INFO -D__STDC_FORMAT_MACROS -I/usr/local/Cellar/berkeley-db4/4.8.30/include -DMAC_OSX  conftest.cpp  -L/usr/local/Cellar/berkeley-db4/4.8.30/lib >&5
ld: warning: directory not found for option '-L/usr/local/Cellar/berkeley-db4/4.8.30/lib'
configure:8715: $? = 0
configure:8715: ./conftest
configure:8715: $? = 0
configure:8726: result: yes
configure:8739: checking for sys/types.h
configure:8739: g++ -c -g -O2 -Wall -Wextra -Wformat -Wformat-security -Wno-unused-parameter  -DBOOST_SPIRIT_THREADSAFE -DHAVE_BUILD_INFO -D__STDC_FORMAT_MACROS -I/usr/local/Cellar/berkeley-db4/4.8.30/include -DMAC_OSX conftest.cpp >&5
configure:8739: $? = 0
configure:8739: result: yes
configure:8739: checking for sys/stat.h
configure:8739: g++ -c -g -O2 -Wall -Wextra -Wformat -Wformat-security -Wno-unused-parameter  -DBOOST_SPIRIT_THREADSAFE -DHAVE_BUILD_INFO -D__STDC_FORMAT_MACROS -I/usr/local/Cellar/berkeley-db4/4.8.30/include -DMAC_OSX conftest.cpp >&5
configure:8739: $? = 0
configure:8739: result: yes
configure:8739: checking for stdlib.h
configure:8739: g++ -c -g -O2 -Wall -Wextra -Wformat -Wformat-security -Wno-unused-parameter  -DBOOST_SPIRIT_THREADSAFE -DHAVE_BUILD_INFO -D__STDC_FORMAT_MACROS -I/usr/local/Cellar/berkeley-db4/4.8.30/include -DMAC_OSX conftest.cpp >&5
configure:8739: $? = 0
configure:8739: result: yes
configure:8739: checking for string.h
configure:8739: g++ -c -g -O2 -Wall -Wextra -Wformat -Wformat-security -Wno-unused-parameter  -DBOOST_SPIRIT_THREADSAFE -DHAVE_BUILD_INFO -D__STDC_FORMAT_MACROS -I/usr/local/Cellar/berkeley-db4/4.8.30/include -DMAC_OSX conftest.cpp >&5
configure:8739: $? = 0
configure:8739: result: yes
configure:8739: checking for memory.h
configure:8739: g++ -c -g -O2 -Wall -Wextra -Wformat -Wformat-security -Wno-unused-parameter  -DBOOST_SPIRIT_THREADSAFE -DHAVE_BUILD_INFO -D__STDC_FORMAT_MACROS -I/usr/local/Cellar/berkeley-db4/4.8.30/include -DMAC_OSX conftest.cpp >&5
configure:8739: $? = 0
configure:8739: result: yes
configure:8739: checking for strings.h
configure:8739: g++ -c -g -O2 -Wall -Wextra -Wformat -Wformat-security -Wno-unused-parameter  -DBOOST_SPIRIT_THREADSAFE -DHAVE_BUILD_INFO -D__STDC_FORMAT_MACROS -I/usr/local/Cellar/berkeley-db4/4.8.30/include -DMAC_OSX conftest.cpp >&5
configure:8739: $? = 0
configure:8739: result: yes
configure:8739: checking for inttypes.h
configure:8739: g++ -c -g -O2 -Wall -Wextra -Wformat -Wformat-security -Wno-unused-parameter  -DBOOST_SPIRIT_THREADSAFE -DHAVE_BUILD_INFO -D__STDC_FORMAT_MACROS -I/usr/local/Cellar/berkeley-db4/4.8.30/include -DMAC_OSX conftest.cpp >&5
configure:8739: $? = 0
configure:8739: result: yes
configure:8739: checking for stdint.h
configure:8739: g++ -c -g -O2 -Wall -Wextra -Wformat -Wformat-security -Wno-unused-parameter  -DBOOST_SPIRIT_THREADSAFE -DHAVE_BUILD_INFO -D__STDC_FORMAT_MACROS -I/usr/local/Cellar/berkeley-db4/4.8.30/include -DMAC_OSX conftest.cpp >&5
configure:8739: $? = 0
configure:8739: result: yes
configure:8739: checking for unistd.h
configure:8739: g++ -c -g -O2 -Wall -Wextra -Wformat -Wformat-security -Wno-unused-parameter  -DBOOST_SPIRIT_THREADSAFE -DHAVE_BUILD_INFO -D__STDC_FORMAT_MACROS -I/usr/local/Cellar/berkeley-db4/4.8.30/include -DMAC_OSX conftest.cpp >&5
configure:8739: $? = 0
configure:8739: result: yes
configure:8751: checking whether byte ordering is bigendian
configure:8766: g++ -c -g -O2 -Wall -Wextra -Wformat -Wformat-security -Wno-unused-parameter  -DBOOST_SPIRIT_THREADSAFE -DHAVE_BUILD_INFO -D__STDC_FORMAT_MACROS -I/usr/local/Cellar/berkeley-db4/4.8.30/include -DMAC_OSX conftest.cpp >&5
configure:8766: $? = 0
configure:8811: g++ -c -g -O2 -Wall -Wextra -Wformat -Wformat-security -Wno-unused-parameter  -DBOOST_SPIRIT_THREADSAFE -DHAVE_BUILD_INFO -D__STDC_FORMAT_MACROS -I/usr/local/Cellar/berkeley-db4/4.8.30/include -DMAC_OSX conftest.cpp >&5
configure:8811: $? = 0
configure:8829: g++ -c -g -O2 -Wall -Wextra -Wformat -Wformat-security -Wno-unused-parameter  -DBOOST_SPIRIT_THREADSAFE -DHAVE_BUILD_INFO -D__STDC_FORMAT_MACROS -I/usr/local/Cellar/berkeley-db4/4.8.30/include -DMAC_OSX conftest.cpp >&5
conftest.cpp:26:11: error: expected ';' after expression
                 not big endian
                        ^
                        ;
conftest.cpp:26:8: error: use of undeclared identifier 'big'
                 not big endian
                     ^
conftest.cpp:26:12: error: use of undeclared identifier 'endian'
                 not big endian
                         ^
3 errors generated.
configure:8829: $? = 1
configure: failed program was:
| /* confdefs.h */
| #define PACKAGE_NAME "FairCoin Core"
| #define PACKAGE_TARNAME "faircoin"
| #define PACKAGE_VERSION "1.5.2"
| #define PACKAGE_STRING "FairCoin Core 1.5.2"
| #define PACKAGE_BUGREPORT "support@fair-coin.org"
| #define PACKAGE_URL "https://fair-coin.org/"
| #define STDC_HEADERS 1
| #define HAVE_SYS_TYPES_H 1
| #define HAVE_SYS_STAT_H 1
| #define HAVE_STDLIB_H 1
| #define HAVE_STRING_H 1
| #define HAVE_MEMORY_H 1
| #define HAVE_STRINGS_H 1
| #define HAVE_INTTYPES_H 1
| #define HAVE_STDINT_H 1
| #define HAVE_UNISTD_H 1
| /* end confdefs.h.  */
| #include <sys/types.h>
| 		#include <sys/param.h>
| 
| int
| main ()
| {
| #if BYTE_ORDER != BIG_ENDIAN
| 		 not big endian
| 		#endif
| 
|   ;
|   return 0;
| }
configure:8957: result: no
configure:9088: checking if compiler needs -Werror to reject unknown flags
configure:9104: gcc -c -g -O2 -Wall -Wextra -Wformat -Wformat-security -Wno-unused-parameter -DHAVE_BUILD_INFO -Werror -Wunknown-warning-option -Wsizeof-array-argument  -DBOOST_SPIRIT_THREADSAFE -DHAVE_BUILD_INFO -D__STDC_FORMAT_MACROS -I/usr/local/Cellar/berkeley-db4/4.8.30/include -DMAC_OSX conftest.c >&5
configure:9104: $? = 0
configure:9105: result: yes
configure:9125: checking whether pthreads work with -pthread
configure:9213: gcc -o conftest -g -O2 -Wall -Wextra -Wformat -Wformat-security -Wno-unused-parameter -DHAVE_BUILD_INFO -pthread -Werror  -DBOOST_SPIRIT_THREADSAFE -DHAVE_BUILD_INFO -D__STDC_FORMAT_MACROS -I/usr/local/Cellar/berkeley-db4/4.8.30/include -DMAC_OSX  conftest.c   -L/usr/local/Cellar/berkeley-db4/4.8.30/lib >&5
ld: warning: directory not found for option '-L/usr/local/Cellar/berkeley-db4/4.8.30/lib'
configure:9213: $? = 0
configure:9222: result: yes
configure:9241: checking for joinable pthread attribute
configure:9256: gcc -o conftest -g -O2 -Wall -Wextra -Wformat -Wformat-security -Wno-unused-parameter -DHAVE_BUILD_INFO -pthread  -DBOOST_SPIRIT_THREADSAFE -DHAVE_BUILD_INFO -D__STDC_FORMAT_MACROS -I/usr/local/Cellar/berkeley-db4/4.8.30/include -DMAC_OSX  conftest.c   -L/usr/local/Cellar/berkeley-db4/4.8.30/lib >&5
ld: warning: directory not found for option '-L/usr/local/Cellar/berkeley-db4/4.8.30/lib'
configure:9256: $? = 0
configure:9262: result: PTHREAD_CREATE_JOINABLE
configure:9272: checking if more special flags are required for pthreads
configure:9287: result: -D_THREAD_SAFE
configure:9293: checking for PTHREAD_PRIO_INHERIT
configure:9310: gcc -o conftest -g -O2 -Wall -Wextra -Wformat -Wformat-security -Wno-unused-parameter -DHAVE_BUILD_INFO -pthread  -DBOOST_SPIRIT_THREADSAFE -DHAVE_BUILD_INFO -D__STDC_FORMAT_MACROS -I/usr/local/Cellar/berkeley-db4/4.8.30/include -DMAC_OSX  conftest.c   -L/usr/local/Cellar/berkeley-db4/4.8.30/lib >&5
conftest.c:23:5: warning: unused variable 'i' [-Wunused-variable]
int i = PTHREAD_PRIO_INHERIT;
    ^
1 warning generated.
ld: warning: directory not found for option '-L/usr/local/Cellar/berkeley-db4/4.8.30/lib'
configure:9310: $? = 0
configure:9319: result: yes
configure:9430: checking for special C compiler options needed for large files
configure:9475: result: no
configure:9481: checking for _FILE_OFFSET_BITS value needed for large files
configure:9506: g++ -c -g -O2 -Wall -Wextra -Wformat -Wformat-security -Wno-unused-parameter  -DBOOST_SPIRIT_THREADSAFE -DHAVE_BUILD_INFO -D__STDC_FORMAT_MACROS -I/usr/local/Cellar/berkeley-db4/4.8.30/include -DMAC_OSX conftest.cpp >&5
configure:9506: $? = 0
configure:9538: result: no
configure:9624: checking whether strerror_r is declared
configure:9624: g++ -c -g -O2 -Wall -Wextra -Wformat -Wformat-security -Wno-unused-parameter  -DBOOST_SPIRIT_THREADSAFE -DHAVE_BUILD_INFO -D__STDC_FORMAT_MACROS -I/usr/local/Cellar/berkeley-db4/4.8.30/include -DMAC_OSX conftest.cpp >&5
configure:9624: $? = 0
configure:9624: result: yes
configure:9637: checking for strerror_r
configure:9637: g++ -o conftest -g -O2 -Wall -Wextra -Wformat -Wformat-security -Wno-unused-parameter  -DBOOST_SPIRIT_THREADSAFE -DHAVE_BUILD_INFO -D__STDC_FORMAT_MACROS -I/usr/local/Cellar/berkeley-db4/4.8.30/include -DMAC_OSX  conftest.cpp  -L/usr/local/Cellar/berkeley-db4/4.8.30/lib >&5
ld: warning: directory not found for option '-L/usr/local/Cellar/berkeley-db4/4.8.30/lib'
configure:9637: $? = 0
configure:9637: result: yes
configure:9646: checking whether strerror_r returns char *
configure:9670: g++ -c -g -O2 -Wall -Wextra -Wformat -Wformat-security -Wno-unused-parameter  -DBOOST_SPIRIT_THREADSAFE -DHAVE_BUILD_INFO -D__STDC_FORMAT_MACROS -I/usr/local/Cellar/berkeley-db4/4.8.30/include -DMAC_OSX conftest.cpp >&5
conftest.cpp:61:13: error: indirection requires pointer operand ('int' invalid)
          char x = *strerror_r (0, buf, sizeof buf);
                   ^~~~~~~~~~~~~~~~~~~~~~~~~~~~~~~~
conftest.cpp:62:10: error: cannot initialize a variable of type 'char *' with an rvalue of type 'int'
          char *p = strerror_r (0, buf, sizeof buf);
                ^   ~~~~~~~~~~~~~~~~~~~~~~~~~~~~~~~
2 errors generated.
configure:9670: $? = 1
configure: failed program was:
| /* confdefs.h */
| #define PACKAGE_NAME "FairCoin Core"
| #define PACKAGE_TARNAME "faircoin"
| #define PACKAGE_VERSION "1.5.2"
| #define PACKAGE_STRING "FairCoin Core 1.5.2"
| #define PACKAGE_BUGREPORT "support@fair-coin.org"
| #define PACKAGE_URL "https://fair-coin.org/"
| #define STDC_HEADERS 1
| #define HAVE_SYS_TYPES_H 1
| #define HAVE_SYS_STAT_H 1
| #define HAVE_STDLIB_H 1
| #define HAVE_STRING_H 1
| #define HAVE_MEMORY_H 1
| #define HAVE_STRINGS_H 1
| #define HAVE_INTTYPES_H 1
| #define HAVE_STDINT_H 1
| #define HAVE_UNISTD_H 1
| #define HAVE_PTHREAD_PRIO_INHERIT 1
| #define HAVE_PTHREAD 1
| #define HAVE_DECL_STRERROR_R 1
| #define HAVE_STRERROR_R 1
| /* end confdefs.h.  */
| #include <stdio.h>
| #ifdef HAVE_SYS_TYPES_H
| # include <sys/types.h>
| #endif
| #ifdef HAVE_SYS_STAT_H
| # include <sys/stat.h>
| #endif
| #ifdef STDC_HEADERS
| # include <stdlib.h>
| # include <stddef.h>
| #else
| # ifdef HAVE_STDLIB_H
| #  include <stdlib.h>
| # endif
| #endif
| #ifdef HAVE_STRING_H
| # if !defined STDC_HEADERS && defined HAVE_MEMORY_H
| #  include <memory.h>
| # endif
| # include <string.h>
| #endif
| #ifdef HAVE_STRINGS_H
| # include <strings.h>
| #endif
| #ifdef HAVE_INTTYPES_H
| # include <inttypes.h>
| #endif
| #ifdef HAVE_STDINT_H
| # include <stdint.h>
| #endif
| #ifdef HAVE_UNISTD_H
| # include <unistd.h>
| #endif
| int
| main ()
| {
| 
| 	  char buf[100];
| 	  char x = *strerror_r (0, buf, sizeof buf);
| 	  char *p = strerror_r (0, buf, sizeof buf);
| 	  return !p || x;
| 
|   ;
|   return 0;
| }
configure:9708: result: no
configure:9729: checking whether the linker accepts -Wl,--large-address-aware
configure:9748: g++ -o conftest -g -O2 -Wall -Wextra -Wformat -Wformat-security -Wno-unused-parameter  -DBOOST_SPIRIT_THREADSAFE -DHAVE_BUILD_INFO -D__STDC_FORMAT_MACROS -I/usr/local/Cellar/berkeley-db4/4.8.30/include -DMAC_OSX   -Wl,--large-address-aware conftest.cpp  -L/usr/local/Cellar/berkeley-db4/4.8.30/lib >&5
ld: warning: directory not found for option '-L/usr/local/Cellar/berkeley-db4/4.8.30/lib'
ld: unknown option: --large-address-aware
clang: error: linker command failed with exit code 1 (use -v to see invocation)
configure:9748: $? = 1
configure: failed program was:
| /* confdefs.h */
| #define PACKAGE_NAME "FairCoin Core"
| #define PACKAGE_TARNAME "faircoin"
| #define PACKAGE_VERSION "1.5.2"
| #define PACKAGE_STRING "FairCoin Core 1.5.2"
| #define PACKAGE_BUGREPORT "support@fair-coin.org"
| #define PACKAGE_URL "https://fair-coin.org/"
| #define STDC_HEADERS 1
| #define HAVE_SYS_TYPES_H 1
| #define HAVE_SYS_STAT_H 1
| #define HAVE_STDLIB_H 1
| #define HAVE_STRING_H 1
| #define HAVE_MEMORY_H 1
| #define HAVE_STRINGS_H 1
| #define HAVE_INTTYPES_H 1
| #define HAVE_STDINT_H 1
| #define HAVE_UNISTD_H 1
| #define HAVE_PTHREAD_PRIO_INHERIT 1
| #define HAVE_PTHREAD 1
| #define HAVE_DECL_STRERROR_R 1
| #define HAVE_STRERROR_R 1
| /* end confdefs.h.  */
| 
| int
| main ()
| {
| 
|   ;
|   return 0;
| }
configure:9757: result: no
configure:9802: checking whether C++ compiler accepts -Wstack-protector
configure:9821: g++ -c -g -O2 -Wall -Wextra -Wformat -Wformat-security -Wno-unused-parameter  -Wstack-protector  -DBOOST_SPIRIT_THREADSAFE -DHAVE_BUILD_INFO -D__STDC_FORMAT_MACROS -I/usr/local/Cellar/berkeley-db4/4.8.30/include -DMAC_OSX conftest.cpp >&5
configure:9821: $? = 0
configure:9829: result: yes
configure:9837: checking whether C++ compiler accepts -fstack-protector-all
configure:9856: g++ -c -g -O2 -Wall -Wextra -Wformat -Wformat-security -Wno-unused-parameter  -fstack-protector-all  -DBOOST_SPIRIT_THREADSAFE -DHAVE_BUILD_INFO -D__STDC_FORMAT_MACROS -I/usr/local/Cellar/berkeley-db4/4.8.30/include -DMAC_OSX conftest.cpp >&5
configure:9856: $? = 0
configure:9864: result: yes
configure:9873: checking whether C++ compiler accepts -fPIE
configure:9892: g++ -c -g -O2 -Wall -Wextra -Wformat -Wformat-security -Wno-unused-parameter  -fPIE  -DBOOST_SPIRIT_THREADSAFE -DHAVE_BUILD_INFO -D__STDC_FORMAT_MACROS -I/usr/local/Cellar/berkeley-db4/4.8.30/include -DMAC_OSX conftest.cpp >&5
configure:9892: $? = 0
configure:9900: result: yes
configure:9910: checking whether C++ preprocessor accepts -D_FORTIFY_SOURCE=2
configure:9929: g++ -E  -DBOOST_SPIRIT_THREADSAFE -DHAVE_BUILD_INFO -D__STDC_FORMAT_MACROS -I/usr/local/Cellar/berkeley-db4/4.8.30/include -DMAC_OSX  -D_FORTIFY_SOURCE=2 conftest.cpp
configure:9929: $? = 0
configure:9937: result: yes
configure:9941: checking whether C++ preprocessor accepts -U_FORTIFY_SOURCE
configure:9960: g++ -E  -DBOOST_SPIRIT_THREADSAFE -DHAVE_BUILD_INFO -D__STDC_FORMAT_MACROS -I/usr/local/Cellar/berkeley-db4/4.8.30/include -DMAC_OSX  -U_FORTIFY_SOURCE conftest.cpp
configure:9960: $? = 0
configure:9968: result: yes
configure:9985: checking whether the linker accepts -Wl,--dynamicbase
configure:10004: g++ -o conftest -g -O2 -Wall -Wextra -Wformat -Wformat-security -Wno-unused-parameter  -DBOOST_SPIRIT_THREADSAFE -DHAVE_BUILD_INFO -D__STDC_FORMAT_MACROS -I/usr/local/Cellar/berkeley-db4/4.8.30/include -DMAC_OSX   -Wl,--dynamicbase conftest.cpp  -L/usr/local/Cellar/berkeley-db4/4.8.30/lib >&5
ld: warning: directory not found for option '-L/usr/local/Cellar/berkeley-db4/4.8.30/lib'
ld: unknown option: --dynamicbase
clang: error: linker command failed with exit code 1 (use -v to see invocation)
configure:10004: $? = 1
configure: failed program was:
| /* confdefs.h */
| #define PACKAGE_NAME "FairCoin Core"
| #define PACKAGE_TARNAME "faircoin"
| #define PACKAGE_VERSION "1.5.2"
| #define PACKAGE_STRING "FairCoin Core 1.5.2"
| #define PACKAGE_BUGREPORT "support@fair-coin.org"
| #define PACKAGE_URL "https://fair-coin.org/"
| #define STDC_HEADERS 1
| #define HAVE_SYS_TYPES_H 1
| #define HAVE_SYS_STAT_H 1
| #define HAVE_STDLIB_H 1
| #define HAVE_STRING_H 1
| #define HAVE_MEMORY_H 1
| #define HAVE_STRINGS_H 1
| #define HAVE_INTTYPES_H 1
| #define HAVE_STDINT_H 1
| #define HAVE_UNISTD_H 1
| #define HAVE_PTHREAD_PRIO_INHERIT 1
| #define HAVE_PTHREAD 1
| #define HAVE_DECL_STRERROR_R 1
| #define HAVE_STRERROR_R 1
| /* end confdefs.h.  */
| 
| int
| main ()
| {
| 
|   ;
|   return 0;
| }
configure:10013: result: no
configure:10021: checking whether the linker accepts -Wl,--nxcompat
configure:10040: g++ -o conftest -g -O2 -Wall -Wextra -Wformat -Wformat-security -Wno-unused-parameter  -DBOOST_SPIRIT_THREADSAFE -DHAVE_BUILD_INFO -D__STDC_FORMAT_MACROS -I/usr/local/Cellar/berkeley-db4/4.8.30/include -DMAC_OSX   -Wl,--nxcompat conftest.cpp  -L/usr/local/Cellar/berkeley-db4/4.8.30/lib >&5
ld: warning: directory not found for option '-L/usr/local/Cellar/berkeley-db4/4.8.30/lib'
ld: unknown option: --nxcompat
clang: error: linker command failed with exit code 1 (use -v to see invocation)
configure:10040: $? = 1
configure: failed program was:
| /* confdefs.h */
| #define PACKAGE_NAME "FairCoin Core"
| #define PACKAGE_TARNAME "faircoin"
| #define PACKAGE_VERSION "1.5.2"
| #define PACKAGE_STRING "FairCoin Core 1.5.2"
| #define PACKAGE_BUGREPORT "support@fair-coin.org"
| #define PACKAGE_URL "https://fair-coin.org/"
| #define STDC_HEADERS 1
| #define HAVE_SYS_TYPES_H 1
| #define HAVE_SYS_STAT_H 1
| #define HAVE_STDLIB_H 1
| #define HAVE_STRING_H 1
| #define HAVE_MEMORY_H 1
| #define HAVE_STRINGS_H 1
| #define HAVE_INTTYPES_H 1
| #define HAVE_STDINT_H 1
| #define HAVE_UNISTD_H 1
| #define HAVE_PTHREAD_PRIO_INHERIT 1
| #define HAVE_PTHREAD 1
| #define HAVE_DECL_STRERROR_R 1
| #define HAVE_STRERROR_R 1
| /* end confdefs.h.  */
| 
| int
| main ()
| {
| 
|   ;
|   return 0;
| }
configure:10049: result: no
configure:10057: checking whether the linker accepts -Wl,-z,relro
configure:10076: g++ -o conftest -g -O2 -Wall -Wextra -Wformat -Wformat-security -Wno-unused-parameter  -DBOOST_SPIRIT_THREADSAFE -DHAVE_BUILD_INFO -D__STDC_FORMAT_MACROS -I/usr/local/Cellar/berkeley-db4/4.8.30/include -DMAC_OSX   -Wl,-z,relro conftest.cpp  -L/usr/local/Cellar/berkeley-db4/4.8.30/lib >&5
ld: warning: directory not found for option '-L/usr/local/Cellar/berkeley-db4/4.8.30/lib'
ld: unknown option: -z
clang: error: linker command failed with exit code 1 (use -v to see invocation)
configure:10076: $? = 1
configure: failed program was:
| /* confdefs.h */
| #define PACKAGE_NAME "FairCoin Core"
| #define PACKAGE_TARNAME "faircoin"
| #define PACKAGE_VERSION "1.5.2"
| #define PACKAGE_STRING "FairCoin Core 1.5.2"
| #define PACKAGE_BUGREPORT "support@fair-coin.org"
| #define PACKAGE_URL "https://fair-coin.org/"
| #define STDC_HEADERS 1
| #define HAVE_SYS_TYPES_H 1
| #define HAVE_SYS_STAT_H 1
| #define HAVE_STDLIB_H 1
| #define HAVE_STRING_H 1
| #define HAVE_MEMORY_H 1
| #define HAVE_STRINGS_H 1
| #define HAVE_INTTYPES_H 1
| #define HAVE_STDINT_H 1
| #define HAVE_UNISTD_H 1
| #define HAVE_PTHREAD_PRIO_INHERIT 1
| #define HAVE_PTHREAD 1
| #define HAVE_DECL_STRERROR_R 1
| #define HAVE_STRERROR_R 1
| /* end confdefs.h.  */
| 
| int
| main ()
| {
| 
|   ;
|   return 0;
| }
configure:10085: result: no
configure:10093: checking whether the linker accepts -Wl,-z,now
configure:10112: g++ -o conftest -g -O2 -Wall -Wextra -Wformat -Wformat-security -Wno-unused-parameter  -DBOOST_SPIRIT_THREADSAFE -DHAVE_BUILD_INFO -D__STDC_FORMAT_MACROS -I/usr/local/Cellar/berkeley-db4/4.8.30/include -DMAC_OSX   -Wl,-z,now conftest.cpp  -L/usr/local/Cellar/berkeley-db4/4.8.30/lib >&5
ld: warning: directory not found for option '-L/usr/local/Cellar/berkeley-db4/4.8.30/lib'
ld: unknown option: -z
clang: error: linker command failed with exit code 1 (use -v to see invocation)
configure:10112: $? = 1
configure: failed program was:
| /* confdefs.h */
| #define PACKAGE_NAME "FairCoin Core"
| #define PACKAGE_TARNAME "faircoin"
| #define PACKAGE_VERSION "1.5.2"
| #define PACKAGE_STRING "FairCoin Core 1.5.2"
| #define PACKAGE_BUGREPORT "support@fair-coin.org"
| #define PACKAGE_URL "https://fair-coin.org/"
| #define STDC_HEADERS 1
| #define HAVE_SYS_TYPES_H 1
| #define HAVE_SYS_STAT_H 1
| #define HAVE_STDLIB_H 1
| #define HAVE_STRING_H 1
| #define HAVE_MEMORY_H 1
| #define HAVE_STRINGS_H 1
| #define HAVE_INTTYPES_H 1
| #define HAVE_STDINT_H 1
| #define HAVE_UNISTD_H 1
| #define HAVE_PTHREAD_PRIO_INHERIT 1
| #define HAVE_PTHREAD 1
| #define HAVE_DECL_STRERROR_R 1
| #define HAVE_STRERROR_R 1
| /* end confdefs.h.  */
| 
| int
| main ()
| {
| 
|   ;
|   return 0;
| }
configure:10121: result: no
configure:10132: checking whether the linker accepts -pie
configure:10151: g++ -o conftest -g -O2 -Wall -Wextra -Wformat -Wformat-security -Wno-unused-parameter  -DBOOST_SPIRIT_THREADSAFE -DHAVE_BUILD_INFO -D__STDC_FORMAT_MACROS -I/usr/local/Cellar/berkeley-db4/4.8.30/include -DMAC_OSX   -pie conftest.cpp  -L/usr/local/Cellar/berkeley-db4/4.8.30/lib >&5
clang: warning: argument unused during compilation: '-pie'
ld: warning: directory not found for option '-L/usr/local/Cellar/berkeley-db4/4.8.30/lib'
configure:10151: $? = 0
configure:10160: result: yes
configure:10178: checking whether the linker accepts -Wl,-dead_strip
configure:10197: g++ -o conftest -g -O2 -Wall -Wextra -Wformat -Wformat-security -Wno-unused-parameter  -Wstack-protector -fstack-protector-all -fPIE  -DBOOST_SPIRIT_THREADSAFE -DHAVE_BUILD_INFO -D__STDC_FORMAT_MACROS -I/usr/local/Cellar/berkeley-db4/4.8.30/include -DMAC_OSX  -U_FORTIFY_SOURCE -D_FORTIFY_SOURCE=2   -pie  -Wl,-dead_strip conftest.cpp  -L/usr/local/Cellar/berkeley-db4/4.8.30/lib >&5
clang: warning: argument unused during compilation: '-pie'
ld: warning: directory not found for option '-L/usr/local/Cellar/berkeley-db4/4.8.30/lib'
configure:10197: $? = 0
configure:10206: result: yes
configure:10219: checking endian.h usability
configure:10219: g++ -c -g -O2 -Wall -Wextra -Wformat -Wformat-security -Wno-unused-parameter  -Wstack-protector -fstack-protector-all -fPIE  -DBOOST_SPIRIT_THREADSAFE -DHAVE_BUILD_INFO -D__STDC_FORMAT_MACROS -I/usr/local/Cellar/berkeley-db4/4.8.30/include -DMAC_OSX  -U_FORTIFY_SOURCE -D_FORTIFY_SOURCE=2 conftest.cpp >&5
conftest.cpp:56:10: fatal error: 'endian.h' file not found
#include <endian.h>
         ^
1 error generated.
configure:10219: $? = 1
configure: failed program was:
| /* confdefs.h */
| #define PACKAGE_NAME "FairCoin Core"
| #define PACKAGE_TARNAME "faircoin"
| #define PACKAGE_VERSION "1.5.2"
| #define PACKAGE_STRING "FairCoin Core 1.5.2"
| #define PACKAGE_BUGREPORT "support@fair-coin.org"
| #define PACKAGE_URL "https://fair-coin.org/"
| #define STDC_HEADERS 1
| #define HAVE_SYS_TYPES_H 1
| #define HAVE_SYS_STAT_H 1
| #define HAVE_STDLIB_H 1
| #define HAVE_STRING_H 1
| #define HAVE_MEMORY_H 1
| #define HAVE_STRINGS_H 1
| #define HAVE_INTTYPES_H 1
| #define HAVE_STDINT_H 1
| #define HAVE_UNISTD_H 1
| #define HAVE_PTHREAD_PRIO_INHERIT 1
| #define HAVE_PTHREAD 1
| #define HAVE_DECL_STRERROR_R 1
| #define HAVE_STRERROR_R 1
| /* end confdefs.h.  */
| #include <stdio.h>
| #ifdef HAVE_SYS_TYPES_H
| # include <sys/types.h>
| #endif
| #ifdef HAVE_SYS_STAT_H
| # include <sys/stat.h>
| #endif
| #ifdef STDC_HEADERS
| # include <stdlib.h>
| # include <stddef.h>
| #else
| # ifdef HAVE_STDLIB_H
| #  include <stdlib.h>
| # endif
| #endif
| #ifdef HAVE_STRING_H
| # if !defined STDC_HEADERS && defined HAVE_MEMORY_H
| #  include <memory.h>
| # endif
| # include <string.h>
| #endif
| #ifdef HAVE_STRINGS_H
| # include <strings.h>
| #endif
| #ifdef HAVE_INTTYPES_H
| # include <inttypes.h>
| #endif
| #ifdef HAVE_STDINT_H
| # include <stdint.h>
| #endif
| #ifdef HAVE_UNISTD_H
| # include <unistd.h>
| #endif
| #include <endian.h>
configure:10219: result: no
configure:10219: checking endian.h presence
configure:10219: g++ -E  -DBOOST_SPIRIT_THREADSAFE -DHAVE_BUILD_INFO -D__STDC_FORMAT_MACROS -I/usr/local/Cellar/berkeley-db4/4.8.30/include -DMAC_OSX  -U_FORTIFY_SOURCE -D_FORTIFY_SOURCE=2 conftest.cpp
conftest.cpp:23:10: fatal error: 'endian.h' file not found
#include <endian.h>
         ^
1 error generated.
configure:10219: $? = 1
configure: failed program was:
| /* confdefs.h */
| #define PACKAGE_NAME "FairCoin Core"
| #define PACKAGE_TARNAME "faircoin"
| #define PACKAGE_VERSION "1.5.2"
| #define PACKAGE_STRING "FairCoin Core 1.5.2"
| #define PACKAGE_BUGREPORT "support@fair-coin.org"
| #define PACKAGE_URL "https://fair-coin.org/"
| #define STDC_HEADERS 1
| #define HAVE_SYS_TYPES_H 1
| #define HAVE_SYS_STAT_H 1
| #define HAVE_STDLIB_H 1
| #define HAVE_STRING_H 1
| #define HAVE_MEMORY_H 1
| #define HAVE_STRINGS_H 1
| #define HAVE_INTTYPES_H 1
| #define HAVE_STDINT_H 1
| #define HAVE_UNISTD_H 1
| #define HAVE_PTHREAD_PRIO_INHERIT 1
| #define HAVE_PTHREAD 1
| #define HAVE_DECL_STRERROR_R 1
| #define HAVE_STRERROR_R 1
| /* end confdefs.h.  */
| #include <endian.h>
configure:10219: result: no
configure:10219: checking for endian.h
configure:10219: result: no
configure:10219: checking stdio.h usability
configure:10219: g++ -c -g -O2 -Wall -Wextra -Wformat -Wformat-security -Wno-unused-parameter  -Wstack-protector -fstack-protector-all -fPIE  -DBOOST_SPIRIT_THREADSAFE -DHAVE_BUILD_INFO -D__STDC_FORMAT_MACROS -I/usr/local/Cellar/berkeley-db4/4.8.30/include -DMAC_OSX  -U_FORTIFY_SOURCE -D_FORTIFY_SOURCE=2 conftest.cpp >&5
configure:10219: $? = 0
configure:10219: result: yes
configure:10219: checking stdio.h presence
configure:10219: g++ -E  -DBOOST_SPIRIT_THREADSAFE -DHAVE_BUILD_INFO -D__STDC_FORMAT_MACROS -I/usr/local/Cellar/berkeley-db4/4.8.30/include -DMAC_OSX  -U_FORTIFY_SOURCE -D_FORTIFY_SOURCE=2 conftest.cpp
configure:10219: $? = 0
configure:10219: result: yes
configure:10219: checking for stdio.h
configure:10219: result: yes
configure:10219: checking for stdlib.h
configure:10219: result: yes
configure:10219: checking for unistd.h
configure:10219: result: yes
configure:10219: checking for strings.h
configure:10219: result: yes
configure:10219: checking for sys/types.h
configure:10219: result: yes
configure:10219: checking for sys/stat.h
configure:10219: result: yes
configure:10219: checking sys/select.h usability
configure:10219: g++ -c -g -O2 -Wall -Wextra -Wformat -Wformat-security -Wno-unused-parameter  -Wstack-protector -fstack-protector-all -fPIE  -DBOOST_SPIRIT_THREADSAFE -DHAVE_BUILD_INFO -D__STDC_FORMAT_MACROS -I/usr/local/Cellar/berkeley-db4/4.8.30/include -DMAC_OSX  -U_FORTIFY_SOURCE -D_FORTIFY_SOURCE=2 conftest.cpp >&5
configure:10219: $? = 0
configure:10219: result: yes
configure:10219: checking sys/select.h presence
configure:10219: g++ -E  -DBOOST_SPIRIT_THREADSAFE -DHAVE_BUILD_INFO -D__STDC_FORMAT_MACROS -I/usr/local/Cellar/berkeley-db4/4.8.30/include -DMAC_OSX  -U_FORTIFY_SOURCE -D_FORTIFY_SOURCE=2 conftest.cpp
configure:10219: $? = 0
configure:10219: result: yes
configure:10219: checking for sys/select.h
configure:10219: result: yes
configure:10230: checking whether le32toh is declared
configure:10230: g++ -c -g -O2 -Wall -Wextra -Wformat -Wformat-security -Wno-unused-parameter  -Wstack-protector -fstack-protector-all -fPIE  -DBOOST_SPIRIT_THREADSAFE -DHAVE_BUILD_INFO -D__STDC_FORMAT_MACROS -I/usr/local/Cellar/berkeley-db4/4.8.30/include -DMAC_OSX  -U_FORTIFY_SOURCE -D_FORTIFY_SOURCE=2 conftest.cpp >&5
conftest.cpp:39:10: error: use of undeclared identifier 'le32toh'
  (void) le32toh;
         ^
1 error generated.
configure:10230: $? = 1
configure: failed program was:
| /* confdefs.h */
| #define PACKAGE_NAME "FairCoin Core"
| #define PACKAGE_TARNAME "faircoin"
| #define PACKAGE_VERSION "1.5.2"
| #define PACKAGE_STRING "FairCoin Core 1.5.2"
| #define PACKAGE_BUGREPORT "support@fair-coin.org"
| #define PACKAGE_URL "https://fair-coin.org/"
| #define STDC_HEADERS 1
| #define HAVE_SYS_TYPES_H 1
| #define HAVE_SYS_STAT_H 1
| #define HAVE_STDLIB_H 1
| #define HAVE_STRING_H 1
| #define HAVE_MEMORY_H 1
| #define HAVE_STRINGS_H 1
| #define HAVE_INTTYPES_H 1
| #define HAVE_STDINT_H 1
| #define HAVE_UNISTD_H 1
| #define HAVE_PTHREAD_PRIO_INHERIT 1
| #define HAVE_PTHREAD 1
| #define HAVE_DECL_STRERROR_R 1
| #define HAVE_STRERROR_R 1
| #define HAVE_STDIO_H 1
| #define HAVE_STDLIB_H 1
| #define HAVE_UNISTD_H 1
| #define HAVE_STRINGS_H 1
| #define HAVE_SYS_TYPES_H 1
| #define HAVE_SYS_STAT_H 1
| #define HAVE_SYS_SELECT_H 1
| /* end confdefs.h.  */
| #if HAVE_ENDIAN_H
|                  #include <endian.h>
|                  #endif
| 
| int
| main ()
| {
| #ifndef le32toh
| #ifdef __cplusplus
|   (void) le32toh;
| #else
|   (void) le32toh;
| #endif
| #endif
| 
|   ;
|   return 0;
| }
configure:10230: result: no
configure:10243: checking whether le64toh is declared
configure:10243: g++ -c -g -O2 -Wall -Wextra -Wformat -Wformat-security -Wno-unused-parameter  -Wstack-protector -fstack-protector-all -fPIE  -DBOOST_SPIRIT_THREADSAFE -DHAVE_BUILD_INFO -D__STDC_FORMAT_MACROS -I/usr/local/Cellar/berkeley-db4/4.8.30/include -DMAC_OSX  -U_FORTIFY_SOURCE -D_FORTIFY_SOURCE=2 conftest.cpp >&5
conftest.cpp:40:10: error: use of undeclared identifier 'le64toh'
  (void) le64toh;
         ^
1 error generated.
configure:10243: $? = 1
configure: failed program was:
| /* confdefs.h */
| #define PACKAGE_NAME "FairCoin Core"
| #define PACKAGE_TARNAME "faircoin"
| #define PACKAGE_VERSION "1.5.2"
| #define PACKAGE_STRING "FairCoin Core 1.5.2"
| #define PACKAGE_BUGREPORT "support@fair-coin.org"
| #define PACKAGE_URL "https://fair-coin.org/"
| #define STDC_HEADERS 1
| #define HAVE_SYS_TYPES_H 1
| #define HAVE_SYS_STAT_H 1
| #define HAVE_STDLIB_H 1
| #define HAVE_STRING_H 1
| #define HAVE_MEMORY_H 1
| #define HAVE_STRINGS_H 1
| #define HAVE_INTTYPES_H 1
| #define HAVE_STDINT_H 1
| #define HAVE_UNISTD_H 1
| #define HAVE_PTHREAD_PRIO_INHERIT 1
| #define HAVE_PTHREAD 1
| #define HAVE_DECL_STRERROR_R 1
| #define HAVE_STRERROR_R 1
| #define HAVE_STDIO_H 1
| #define HAVE_STDLIB_H 1
| #define HAVE_UNISTD_H 1
| #define HAVE_STRINGS_H 1
| #define HAVE_SYS_TYPES_H 1
| #define HAVE_SYS_STAT_H 1
| #define HAVE_SYS_SELECT_H 1
| #define HAVE_DECL_LE32TOH 0
| /* end confdefs.h.  */
| #if HAVE_ENDIAN_H
|                  #include <endian.h>
|                  #endif
| 
| int
| main ()
| {
| #ifndef le64toh
| #ifdef __cplusplus
|   (void) le64toh;
| #else
|   (void) le64toh;
| #endif
| #endif
| 
|   ;
|   return 0;
| }
configure:10243: result: no
configure:10256: checking whether htole32 is declared
configure:10256: g++ -c -g -O2 -Wall -Wextra -Wformat -Wformat-security -Wno-unused-parameter  -Wstack-protector -fstack-protector-all -fPIE  -DBOOST_SPIRIT_THREADSAFE -DHAVE_BUILD_INFO -D__STDC_FORMAT_MACROS -I/usr/local/Cellar/berkeley-db4/4.8.30/include -DMAC_OSX  -U_FORTIFY_SOURCE -D_FORTIFY_SOURCE=2 conftest.cpp >&5
conftest.cpp:41:10: error: use of undeclared identifier 'htole32'
  (void) htole32;
         ^
1 error generated.
configure:10256: $? = 1
configure: failed program was:
| /* confdefs.h */
| #define PACKAGE_NAME "FairCoin Core"
| #define PACKAGE_TARNAME "faircoin"
| #define PACKAGE_VERSION "1.5.2"
| #define PACKAGE_STRING "FairCoin Core 1.5.2"
| #define PACKAGE_BUGREPORT "support@fair-coin.org"
| #define PACKAGE_URL "https://fair-coin.org/"
| #define STDC_HEADERS 1
| #define HAVE_SYS_TYPES_H 1
| #define HAVE_SYS_STAT_H 1
| #define HAVE_STDLIB_H 1
| #define HAVE_STRING_H 1
| #define HAVE_MEMORY_H 1
| #define HAVE_STRINGS_H 1
| #define HAVE_INTTYPES_H 1
| #define HAVE_STDINT_H 1
| #define HAVE_UNISTD_H 1
| #define HAVE_PTHREAD_PRIO_INHERIT 1
| #define HAVE_PTHREAD 1
| #define HAVE_DECL_STRERROR_R 1
| #define HAVE_STRERROR_R 1
| #define HAVE_STDIO_H 1
| #define HAVE_STDLIB_H 1
| #define HAVE_UNISTD_H 1
| #define HAVE_STRINGS_H 1
| #define HAVE_SYS_TYPES_H 1
| #define HAVE_SYS_STAT_H 1
| #define HAVE_SYS_SELECT_H 1
| #define HAVE_DECL_LE32TOH 0
| #define HAVE_DECL_LE64TOH 0
| /* end confdefs.h.  */
| #if HAVE_ENDIAN_H
|                  #include <endian.h>
|                  #endif
| 
| int
| main ()
| {
| #ifndef htole32
| #ifdef __cplusplus
|   (void) htole32;
| #else
|   (void) htole32;
| #endif
| #endif
| 
|   ;
|   return 0;
| }
configure:10256: result: no
configure:10269: checking whether htole64 is declared
configure:10269: g++ -c -g -O2 -Wall -Wextra -Wformat -Wformat-security -Wno-unused-parameter  -Wstack-protector -fstack-protector-all -fPIE  -DBOOST_SPIRIT_THREADSAFE -DHAVE_BUILD_INFO -D__STDC_FORMAT_MACROS -I/usr/local/Cellar/berkeley-db4/4.8.30/include -DMAC_OSX  -U_FORTIFY_SOURCE -D_FORTIFY_SOURCE=2 conftest.cpp >&5
conftest.cpp:42:10: error: use of undeclared identifier 'htole64'
  (void) htole64;
         ^
1 error generated.
configure:10269: $? = 1
configure: failed program was:
| /* confdefs.h */
| #define PACKAGE_NAME "FairCoin Core"
| #define PACKAGE_TARNAME "faircoin"
| #define PACKAGE_VERSION "1.5.2"
| #define PACKAGE_STRING "FairCoin Core 1.5.2"
| #define PACKAGE_BUGREPORT "support@fair-coin.org"
| #define PACKAGE_URL "https://fair-coin.org/"
| #define STDC_HEADERS 1
| #define HAVE_SYS_TYPES_H 1
| #define HAVE_SYS_STAT_H 1
| #define HAVE_STDLIB_H 1
| #define HAVE_STRING_H 1
| #define HAVE_MEMORY_H 1
| #define HAVE_STRINGS_H 1
| #define HAVE_INTTYPES_H 1
| #define HAVE_STDINT_H 1
| #define HAVE_UNISTD_H 1
| #define HAVE_PTHREAD_PRIO_INHERIT 1
| #define HAVE_PTHREAD 1
| #define HAVE_DECL_STRERROR_R 1
| #define HAVE_STRERROR_R 1
| #define HAVE_STDIO_H 1
| #define HAVE_STDLIB_H 1
| #define HAVE_UNISTD_H 1
| #define HAVE_STRINGS_H 1
| #define HAVE_SYS_TYPES_H 1
| #define HAVE_SYS_STAT_H 1
| #define HAVE_SYS_SELECT_H 1
| #define HAVE_DECL_LE32TOH 0
| #define HAVE_DECL_LE64TOH 0
| #define HAVE_DECL_HTOLE32 0
| /* end confdefs.h.  */
| #if HAVE_ENDIAN_H
|                  #include <endian.h>
|                  #endif
| 
| int
| main ()
| {
| #ifndef htole64
| #ifdef __cplusplus
|   (void) htole64;
| #else
|   (void) htole64;
| #endif
| #endif
| 
|   ;
|   return 0;
| }
configure:10269: result: no
configure:10282: checking whether be32toh is declared
configure:10282: g++ -c -g -O2 -Wall -Wextra -Wformat -Wformat-security -Wno-unused-parameter  -Wstack-protector -fstack-protector-all -fPIE  -DBOOST_SPIRIT_THREADSAFE -DHAVE_BUILD_INFO -D__STDC_FORMAT_MACROS -I/usr/local/Cellar/berkeley-db4/4.8.30/include -DMAC_OSX  -U_FORTIFY_SOURCE -D_FORTIFY_SOURCE=2 conftest.cpp >&5
conftest.cpp:43:10: error: use of undeclared identifier 'be32toh'
  (void) be32toh;
         ^
1 error generated.
configure:10282: $? = 1
configure: failed program was:
| /* confdefs.h */
| #define PACKAGE_NAME "FairCoin Core"
| #define PACKAGE_TARNAME "faircoin"
| #define PACKAGE_VERSION "1.5.2"
| #define PACKAGE_STRING "FairCoin Core 1.5.2"
| #define PACKAGE_BUGREPORT "support@fair-coin.org"
| #define PACKAGE_URL "https://fair-coin.org/"
| #define STDC_HEADERS 1
| #define HAVE_SYS_TYPES_H 1
| #define HAVE_SYS_STAT_H 1
| #define HAVE_STDLIB_H 1
| #define HAVE_STRING_H 1
| #define HAVE_MEMORY_H 1
| #define HAVE_STRINGS_H 1
| #define HAVE_INTTYPES_H 1
| #define HAVE_STDINT_H 1
| #define HAVE_UNISTD_H 1
| #define HAVE_PTHREAD_PRIO_INHERIT 1
| #define HAVE_PTHREAD 1
| #define HAVE_DECL_STRERROR_R 1
| #define HAVE_STRERROR_R 1
| #define HAVE_STDIO_H 1
| #define HAVE_STDLIB_H 1
| #define HAVE_UNISTD_H 1
| #define HAVE_STRINGS_H 1
| #define HAVE_SYS_TYPES_H 1
| #define HAVE_SYS_STAT_H 1
| #define HAVE_SYS_SELECT_H 1
| #define HAVE_DECL_LE32TOH 0
| #define HAVE_DECL_LE64TOH 0
| #define HAVE_DECL_HTOLE32 0
| #define HAVE_DECL_HTOLE64 0
| /* end confdefs.h.  */
| #if HAVE_ENDIAN_H
|                  #include <endian.h>
|                  #endif
| 
| int
| main ()
| {
| #ifndef be32toh
| #ifdef __cplusplus
|   (void) be32toh;
| #else
|   (void) be32toh;
| #endif
| #endif
| 
|   ;
|   return 0;
| }
configure:10282: result: no
configure:10295: checking whether be64toh is declared
configure:10295: g++ -c -g -O2 -Wall -Wextra -Wformat -Wformat-security -Wno-unused-parameter  -Wstack-protector -fstack-protector-all -fPIE  -DBOOST_SPIRIT_THREADSAFE -DHAVE_BUILD_INFO -D__STDC_FORMAT_MACROS -I/usr/local/Cellar/berkeley-db4/4.8.30/include -DMAC_OSX  -U_FORTIFY_SOURCE -D_FORTIFY_SOURCE=2 conftest.cpp >&5
conftest.cpp:44:10: error: use of undeclared identifier 'be64toh'
  (void) be64toh;
         ^
1 error generated.
configure:10295: $? = 1
configure: failed program was:
| /* confdefs.h */
| #define PACKAGE_NAME "FairCoin Core"
| #define PACKAGE_TARNAME "faircoin"
| #define PACKAGE_VERSION "1.5.2"
| #define PACKAGE_STRING "FairCoin Core 1.5.2"
| #define PACKAGE_BUGREPORT "support@fair-coin.org"
| #define PACKAGE_URL "https://fair-coin.org/"
| #define STDC_HEADERS 1
| #define HAVE_SYS_TYPES_H 1
| #define HAVE_SYS_STAT_H 1
| #define HAVE_STDLIB_H 1
| #define HAVE_STRING_H 1
| #define HAVE_MEMORY_H 1
| #define HAVE_STRINGS_H 1
| #define HAVE_INTTYPES_H 1
| #define HAVE_STDINT_H 1
| #define HAVE_UNISTD_H 1
| #define HAVE_PTHREAD_PRIO_INHERIT 1
| #define HAVE_PTHREAD 1
| #define HAVE_DECL_STRERROR_R 1
| #define HAVE_STRERROR_R 1
| #define HAVE_STDIO_H 1
| #define HAVE_STDLIB_H 1
| #define HAVE_UNISTD_H 1
| #define HAVE_STRINGS_H 1
| #define HAVE_SYS_TYPES_H 1
| #define HAVE_SYS_STAT_H 1
| #define HAVE_SYS_SELECT_H 1
| #define HAVE_DECL_LE32TOH 0
| #define HAVE_DECL_LE64TOH 0
| #define HAVE_DECL_HTOLE32 0
| #define HAVE_DECL_HTOLE64 0
| #define HAVE_DECL_BE32TOH 0
| /* end confdefs.h.  */
| #if HAVE_ENDIAN_H
|                  #include <endian.h>
|                  #endif
| 
| int
| main ()
| {
| #ifndef be64toh
| #ifdef __cplusplus
|   (void) be64toh;
| #else
|   (void) be64toh;
| #endif
| #endif
| 
|   ;
|   return 0;
| }
configure:10295: result: no
configure:10308: checking whether htobe32 is declared
configure:10308: g++ -c -g -O2 -Wall -Wextra -Wformat -Wformat-security -Wno-unused-parameter  -Wstack-protector -fstack-protector-all -fPIE  -DBOOST_SPIRIT_THREADSAFE -DHAVE_BUILD_INFO -D__STDC_FORMAT_MACROS -I/usr/local/Cellar/berkeley-db4/4.8.30/include -DMAC_OSX  -U_FORTIFY_SOURCE -D_FORTIFY_SOURCE=2 conftest.cpp >&5
conftest.cpp:45:10: error: use of undeclared identifier 'htobe32'
  (void) htobe32;
         ^
1 error generated.
configure:10308: $? = 1
configure: failed program was:
| /* confdefs.h */
| #define PACKAGE_NAME "FairCoin Core"
| #define PACKAGE_TARNAME "faircoin"
| #define PACKAGE_VERSION "1.5.2"
| #define PACKAGE_STRING "FairCoin Core 1.5.2"
| #define PACKAGE_BUGREPORT "support@fair-coin.org"
| #define PACKAGE_URL "https://fair-coin.org/"
| #define STDC_HEADERS 1
| #define HAVE_SYS_TYPES_H 1
| #define HAVE_SYS_STAT_H 1
| #define HAVE_STDLIB_H 1
| #define HAVE_STRING_H 1
| #define HAVE_MEMORY_H 1
| #define HAVE_STRINGS_H 1
| #define HAVE_INTTYPES_H 1
| #define HAVE_STDINT_H 1
| #define HAVE_UNISTD_H 1
| #define HAVE_PTHREAD_PRIO_INHERIT 1
| #define HAVE_PTHREAD 1
| #define HAVE_DECL_STRERROR_R 1
| #define HAVE_STRERROR_R 1
| #define HAVE_STDIO_H 1
| #define HAVE_STDLIB_H 1
| #define HAVE_UNISTD_H 1
| #define HAVE_STRINGS_H 1
| #define HAVE_SYS_TYPES_H 1
| #define HAVE_SYS_STAT_H 1
| #define HAVE_SYS_SELECT_H 1
| #define HAVE_DECL_LE32TOH 0
| #define HAVE_DECL_LE64TOH 0
| #define HAVE_DECL_HTOLE32 0
| #define HAVE_DECL_HTOLE64 0
| #define HAVE_DECL_BE32TOH 0
| #define HAVE_DECL_BE64TOH 0
| /* end confdefs.h.  */
| #if HAVE_ENDIAN_H
|                  #include <endian.h>
|                  #endif
| 
| int
| main ()
| {
| #ifndef htobe32
| #ifdef __cplusplus
|   (void) htobe32;
| #else
|   (void) htobe32;
| #endif
| #endif
| 
|   ;
|   return 0;
| }
configure:10308: result: no
configure:10321: checking whether htobe64 is declared
configure:10321: g++ -c -g -O2 -Wall -Wextra -Wformat -Wformat-security -Wno-unused-parameter  -Wstack-protector -fstack-protector-all -fPIE  -DBOOST_SPIRIT_THREADSAFE -DHAVE_BUILD_INFO -D__STDC_FORMAT_MACROS -I/usr/local/Cellar/berkeley-db4/4.8.30/include -DMAC_OSX  -U_FORTIFY_SOURCE -D_FORTIFY_SOURCE=2 conftest.cpp >&5
conftest.cpp:46:10: error: use of undeclared identifier 'htobe64'
  (void) htobe64;
         ^
1 error generated.
configure:10321: $? = 1
configure: failed program was:
| /* confdefs.h */
| #define PACKAGE_NAME "FairCoin Core"
| #define PACKAGE_TARNAME "faircoin"
| #define PACKAGE_VERSION "1.5.2"
| #define PACKAGE_STRING "FairCoin Core 1.5.2"
| #define PACKAGE_BUGREPORT "support@fair-coin.org"
| #define PACKAGE_URL "https://fair-coin.org/"
| #define STDC_HEADERS 1
| #define HAVE_SYS_TYPES_H 1
| #define HAVE_SYS_STAT_H 1
| #define HAVE_STDLIB_H 1
| #define HAVE_STRING_H 1
| #define HAVE_MEMORY_H 1
| #define HAVE_STRINGS_H 1
| #define HAVE_INTTYPES_H 1
| #define HAVE_STDINT_H 1
| #define HAVE_UNISTD_H 1
| #define HAVE_PTHREAD_PRIO_INHERIT 1
| #define HAVE_PTHREAD 1
| #define HAVE_DECL_STRERROR_R 1
| #define HAVE_STRERROR_R 1
| #define HAVE_STDIO_H 1
| #define HAVE_STDLIB_H 1
| #define HAVE_UNISTD_H 1
| #define HAVE_STRINGS_H 1
| #define HAVE_SYS_TYPES_H 1
| #define HAVE_SYS_STAT_H 1
| #define HAVE_SYS_SELECT_H 1
| #define HAVE_DECL_LE32TOH 0
| #define HAVE_DECL_LE64TOH 0
| #define HAVE_DECL_HTOLE32 0
| #define HAVE_DECL_HTOLE64 0
| #define HAVE_DECL_BE32TOH 0
| #define HAVE_DECL_BE64TOH 0
| #define HAVE_DECL_HTOBE32 0
| /* end confdefs.h.  */
| #if HAVE_ENDIAN_H
|                  #include <endian.h>
|                  #endif
| 
| int
| main ()
| {
| #ifndef htobe64
| #ifdef __cplusplus
|   (void) htobe64;
| #else
|   (void) htobe64;
| #endif
| #endif
| 
|   ;
|   return 0;
| }
configure:10321: result: no
configure:10336: checking for MSG_NOSIGNAL
configure:10349: g++ -c -g -O2 -Wall -Wextra -Wformat -Wformat-security -Wno-unused-parameter  -Wstack-protector -fstack-protector-all -fPIE  -DBOOST_SPIRIT_THREADSAFE -DHAVE_BUILD_INFO -D__STDC_FORMAT_MACROS -I/usr/local/Cellar/berkeley-db4/4.8.30/include -DMAC_OSX  -U_FORTIFY_SOURCE -D_FORTIFY_SOURCE=2 conftest.cpp >&5
conftest.cpp:42:10: error: use of undeclared identifier 'MSG_NOSIGNAL'
 int f = MSG_NOSIGNAL;
         ^
1 error generated.
configure:10349: $? = 1
configure: failed program was:
| /* confdefs.h */
| #define PACKAGE_NAME "FairCoin Core"
| #define PACKAGE_TARNAME "faircoin"
| #define PACKAGE_VERSION "1.5.2"
| #define PACKAGE_STRING "FairCoin Core 1.5.2"
| #define PACKAGE_BUGREPORT "support@fair-coin.org"
| #define PACKAGE_URL "https://fair-coin.org/"
| #define STDC_HEADERS 1
| #define HAVE_SYS_TYPES_H 1
| #define HAVE_SYS_STAT_H 1
| #define HAVE_STDLIB_H 1
| #define HAVE_STRING_H 1
| #define HAVE_MEMORY_H 1
| #define HAVE_STRINGS_H 1
| #define HAVE_INTTYPES_H 1
| #define HAVE_STDINT_H 1
| #define HAVE_UNISTD_H 1
| #define HAVE_PTHREAD_PRIO_INHERIT 1
| #define HAVE_PTHREAD 1
| #define HAVE_DECL_STRERROR_R 1
| #define HAVE_STRERROR_R 1
| #define HAVE_STDIO_H 1
| #define HAVE_STDLIB_H 1
| #define HAVE_UNISTD_H 1
| #define HAVE_STRINGS_H 1
| #define HAVE_SYS_TYPES_H 1
| #define HAVE_SYS_STAT_H 1
| #define HAVE_SYS_SELECT_H 1
| #define HAVE_DECL_LE32TOH 0
| #define HAVE_DECL_LE64TOH 0
| #define HAVE_DECL_HTOLE32 0
| #define HAVE_DECL_HTOLE64 0
| #define HAVE_DECL_BE32TOH 0
| #define HAVE_DECL_BE64TOH 0
| #define HAVE_DECL_HTOBE32 0
| #define HAVE_DECL_HTOBE64 0
| /* end confdefs.h.  */
| #include <sys/socket.h>
| int
| main ()
| {
|  int f = MSG_NOSIGNAL;
|   ;
|   return 0;
| }
configure:10355: result: no
configure:10378: checking for Berkeley DB C++ headers
configure:10409: g++ -c -g -O2 -Wall -Wextra -Wformat -Wformat-security -Wno-unused-parameter  -Wstack-protector -fstack-protector-all -fPIE  -DBOOST_SPIRIT_THREADSAFE -DHAVE_BUILD_INFO -D__STDC_FORMAT_MACROS -I/usr/local/Cellar/berkeley-db4/4.8.30/include -DMAC_OSX  -U_FORTIFY_SOURCE -D_FORTIFY_SOURCE=2 conftest.cpp >&5
conftest.cpp:39:16: fatal error: 'bdb4.8/db_cxx.h' file not found
      #include <bdb4.8/db_cxx.h>
               ^
1 error generated.
configure:10409: $? = 1
configure: failed program was:
| /* confdefs.h */
| #define PACKAGE_NAME "FairCoin Core"
| #define PACKAGE_TARNAME "faircoin"
| #define PACKAGE_VERSION "1.5.2"
| #define PACKAGE_STRING "FairCoin Core 1.5.2"
| #define PACKAGE_BUGREPORT "support@fair-coin.org"
| #define PACKAGE_URL "https://fair-coin.org/"
| #define STDC_HEADERS 1
| #define HAVE_SYS_TYPES_H 1
| #define HAVE_SYS_STAT_H 1
| #define HAVE_STDLIB_H 1
| #define HAVE_STRING_H 1
| #define HAVE_MEMORY_H 1
| #define HAVE_STRINGS_H 1
| #define HAVE_INTTYPES_H 1
| #define HAVE_STDINT_H 1
| #define HAVE_UNISTD_H 1
| #define HAVE_PTHREAD_PRIO_INHERIT 1
| #define HAVE_PTHREAD 1
| #define HAVE_DECL_STRERROR_R 1
| #define HAVE_STRERROR_R 1
| #define HAVE_STDIO_H 1
| #define HAVE_STDLIB_H 1
| #define HAVE_UNISTD_H 1
| #define HAVE_STRINGS_H 1
| #define HAVE_SYS_TYPES_H 1
| #define HAVE_SYS_STAT_H 1
| #define HAVE_SYS_SELECT_H 1
| #define HAVE_DECL_LE32TOH 0
| #define HAVE_DECL_LE64TOH 0
| #define HAVE_DECL_HTOLE32 0
| #define HAVE_DECL_HTOLE64 0
| #define HAVE_DECL_BE32TOH 0
| #define HAVE_DECL_BE64TOH 0
| #define HAVE_DECL_HTOBE32 0
| #define HAVE_DECL_HTOBE64 0
| /* end confdefs.h.  */
| 
|       #include <bdb4.8/db_cxx.h>
| 
| int
| main ()
| {
| 
|       #if !((DB_VERSION_MAJOR == 4 && DB_VERSION_MINOR >= 8) || DB_VERSION_MAJOR > 4)
|         #error "failed to find bdb 4.8+"
|       #endif
| 
|   ;
|   return 0;
| }
configure:10409: g++ -c -g -O2 -Wall -Wextra -Wformat -Wformat-security -Wno-unused-parameter  -Wstack-protector -fstack-protector-all -fPIE  -DBOOST_SPIRIT_THREADSAFE -DHAVE_BUILD_INFO -D__STDC_FORMAT_MACROS -I/usr/local/Cellar/berkeley-db4/4.8.30/include -DMAC_OSX  -U_FORTIFY_SOURCE -D_FORTIFY_SOURCE=2 conftest.cpp >&5
conftest.cpp:39:16: fatal error: 'libdb4.8/db_cxx.h' file not found
      #include <libdb4.8/db_cxx.h>
               ^
1 error generated.
configure:10409: $? = 1
configure: failed program was:
| /* confdefs.h */
| #define PACKAGE_NAME "FairCoin Core"
| #define PACKAGE_TARNAME "faircoin"
| #define PACKAGE_VERSION "1.5.2"
| #define PACKAGE_STRING "FairCoin Core 1.5.2"
| #define PACKAGE_BUGREPORT "support@fair-coin.org"
| #define PACKAGE_URL "https://fair-coin.org/"
| #define STDC_HEADERS 1
| #define HAVE_SYS_TYPES_H 1
| #define HAVE_SYS_STAT_H 1
| #define HAVE_STDLIB_H 1
| #define HAVE_STRING_H 1
| #define HAVE_MEMORY_H 1
| #define HAVE_STRINGS_H 1
| #define HAVE_INTTYPES_H 1
| #define HAVE_STDINT_H 1
| #define HAVE_UNISTD_H 1
| #define HAVE_PTHREAD_PRIO_INHERIT 1
| #define HAVE_PTHREAD 1
| #define HAVE_DECL_STRERROR_R 1
| #define HAVE_STRERROR_R 1
| #define HAVE_STDIO_H 1
| #define HAVE_STDLIB_H 1
| #define HAVE_UNISTD_H 1
| #define HAVE_STRINGS_H 1
| #define HAVE_SYS_TYPES_H 1
| #define HAVE_SYS_STAT_H 1
| #define HAVE_SYS_SELECT_H 1
| #define HAVE_DECL_LE32TOH 0
| #define HAVE_DECL_LE64TOH 0
| #define HAVE_DECL_HTOLE32 0
| #define HAVE_DECL_HTOLE64 0
| #define HAVE_DECL_BE32TOH 0
| #define HAVE_DECL_BE64TOH 0
| #define HAVE_DECL_HTOBE32 0
| #define HAVE_DECL_HTOBE64 0
| /* end confdefs.h.  */
| 
|       #include <libdb4.8/db_cxx.h>
| 
| int
| main ()
| {
| 
|       #if !((DB_VERSION_MAJOR == 4 && DB_VERSION_MINOR >= 8) || DB_VERSION_MAJOR > 4)
|         #error "failed to find bdb 4.8+"
|       #endif
| 
|   ;
|   return 0;
| }
configure:10409: g++ -c -g -O2 -Wall -Wextra -Wformat -Wformat-security -Wno-unused-parameter  -Wstack-protector -fstack-protector-all -fPIE  -DBOOST_SPIRIT_THREADSAFE -DHAVE_BUILD_INFO -D__STDC_FORMAT_MACROS -I/usr/local/Cellar/berkeley-db4/4.8.30/include -DMAC_OSX  -U_FORTIFY_SOURCE -D_FORTIFY_SOURCE=2 conftest.cpp >&5
conftest.cpp:39:16: fatal error: 'db4.8/db_cxx.h' file not found
      #include <db4.8/db_cxx.h>
               ^
1 error generated.
configure:10409: $? = 1
configure: failed program was:
| /* confdefs.h */
| #define PACKAGE_NAME "FairCoin Core"
| #define PACKAGE_TARNAME "faircoin"
| #define PACKAGE_VERSION "1.5.2"
| #define PACKAGE_STRING "FairCoin Core 1.5.2"
| #define PACKAGE_BUGREPORT "support@fair-coin.org"
| #define PACKAGE_URL "https://fair-coin.org/"
| #define STDC_HEADERS 1
| #define HAVE_SYS_TYPES_H 1
| #define HAVE_SYS_STAT_H 1
| #define HAVE_STDLIB_H 1
| #define HAVE_STRING_H 1
| #define HAVE_MEMORY_H 1
| #define HAVE_STRINGS_H 1
| #define HAVE_INTTYPES_H 1
| #define HAVE_STDINT_H 1
| #define HAVE_UNISTD_H 1
| #define HAVE_PTHREAD_PRIO_INHERIT 1
| #define HAVE_PTHREAD 1
| #define HAVE_DECL_STRERROR_R 1
| #define HAVE_STRERROR_R 1
| #define HAVE_STDIO_H 1
| #define HAVE_STDLIB_H 1
| #define HAVE_UNISTD_H 1
| #define HAVE_STRINGS_H 1
| #define HAVE_SYS_TYPES_H 1
| #define HAVE_SYS_STAT_H 1
| #define HAVE_SYS_SELECT_H 1
| #define HAVE_DECL_LE32TOH 0
| #define HAVE_DECL_LE64TOH 0
| #define HAVE_DECL_HTOLE32 0
| #define HAVE_DECL_HTOLE64 0
| #define HAVE_DECL_BE32TOH 0
| #define HAVE_DECL_BE64TOH 0
| #define HAVE_DECL_HTOBE32 0
| #define HAVE_DECL_HTOBE64 0
| /* end confdefs.h.  */
| 
|       #include <db4.8/db_cxx.h>
| 
| int
| main ()
| {
| 
|       #if !((DB_VERSION_MAJOR == 4 && DB_VERSION_MINOR >= 8) || DB_VERSION_MAJOR > 4)
|         #error "failed to find bdb 4.8+"
|       #endif
| 
|   ;
|   return 0;
| }
configure:10409: g++ -c -g -O2 -Wall -Wextra -Wformat -Wformat-security -Wno-unused-parameter  -Wstack-protector -fstack-protector-all -fPIE  -DBOOST_SPIRIT_THREADSAFE -DHAVE_BUILD_INFO -D__STDC_FORMAT_MACROS -I/usr/local/Cellar/berkeley-db4/4.8.30/include -DMAC_OSX  -U_FORTIFY_SOURCE -D_FORTIFY_SOURCE=2 conftest.cpp >&5
conftest.cpp:39:16: fatal error: 'bdb48/db_cxx.h' file not found
      #include <bdb48/db_cxx.h>
               ^
1 error generated.
configure:10409: $? = 1
configure: failed program was:
| /* confdefs.h */
| #define PACKAGE_NAME "FairCoin Core"
| #define PACKAGE_TARNAME "faircoin"
| #define PACKAGE_VERSION "1.5.2"
| #define PACKAGE_STRING "FairCoin Core 1.5.2"
| #define PACKAGE_BUGREPORT "support@fair-coin.org"
| #define PACKAGE_URL "https://fair-coin.org/"
| #define STDC_HEADERS 1
| #define HAVE_SYS_TYPES_H 1
| #define HAVE_SYS_STAT_H 1
| #define HAVE_STDLIB_H 1
| #define HAVE_STRING_H 1
| #define HAVE_MEMORY_H 1
| #define HAVE_STRINGS_H 1
| #define HAVE_INTTYPES_H 1
| #define HAVE_STDINT_H 1
| #define HAVE_UNISTD_H 1
| #define HAVE_PTHREAD_PRIO_INHERIT 1
| #define HAVE_PTHREAD 1
| #define HAVE_DECL_STRERROR_R 1
| #define HAVE_STRERROR_R 1
| #define HAVE_STDIO_H 1
| #define HAVE_STDLIB_H 1
| #define HAVE_UNISTD_H 1
| #define HAVE_STRINGS_H 1
| #define HAVE_SYS_TYPES_H 1
| #define HAVE_SYS_STAT_H 1
| #define HAVE_SYS_SELECT_H 1
| #define HAVE_DECL_LE32TOH 0
| #define HAVE_DECL_LE64TOH 0
| #define HAVE_DECL_HTOLE32 0
| #define HAVE_DECL_HTOLE64 0
| #define HAVE_DECL_BE32TOH 0
| #define HAVE_DECL_BE64TOH 0
| #define HAVE_DECL_HTOBE32 0
| #define HAVE_DECL_HTOBE64 0
| /* end confdefs.h.  */
| 
|       #include <bdb48/db_cxx.h>
| 
| int
| main ()
| {
| 
|       #if !((DB_VERSION_MAJOR == 4 && DB_VERSION_MINOR >= 8) || DB_VERSION_MAJOR > 4)
|         #error "failed to find bdb 4.8+"
|       #endif
| 
|   ;
|   return 0;
| }
configure:10409: g++ -c -g -O2 -Wall -Wextra -Wformat -Wformat-security -Wno-unused-parameter  -Wstack-protector -fstack-protector-all -fPIE  -DBOOST_SPIRIT_THREADSAFE -DHAVE_BUILD_INFO -D__STDC_FORMAT_MACROS -I/usr/local/Cellar/berkeley-db4/4.8.30/include -DMAC_OSX  -U_FORTIFY_SOURCE -D_FORTIFY_SOURCE=2 conftest.cpp >&5
conftest.cpp:39:16: fatal error: 'libdb48/db_cxx.h' file not found
      #include <libdb48/db_cxx.h>
               ^
1 error generated.
configure:10409: $? = 1
configure: failed program was:
| /* confdefs.h */
| #define PACKAGE_NAME "FairCoin Core"
| #define PACKAGE_TARNAME "faircoin"
| #define PACKAGE_VERSION "1.5.2"
| #define PACKAGE_STRING "FairCoin Core 1.5.2"
| #define PACKAGE_BUGREPORT "support@fair-coin.org"
| #define PACKAGE_URL "https://fair-coin.org/"
| #define STDC_HEADERS 1
| #define HAVE_SYS_TYPES_H 1
| #define HAVE_SYS_STAT_H 1
| #define HAVE_STDLIB_H 1
| #define HAVE_STRING_H 1
| #define HAVE_MEMORY_H 1
| #define HAVE_STRINGS_H 1
| #define HAVE_INTTYPES_H 1
| #define HAVE_STDINT_H 1
| #define HAVE_UNISTD_H 1
| #define HAVE_PTHREAD_PRIO_INHERIT 1
| #define HAVE_PTHREAD 1
| #define HAVE_DECL_STRERROR_R 1
| #define HAVE_STRERROR_R 1
| #define HAVE_STDIO_H 1
| #define HAVE_STDLIB_H 1
| #define HAVE_UNISTD_H 1
| #define HAVE_STRINGS_H 1
| #define HAVE_SYS_TYPES_H 1
| #define HAVE_SYS_STAT_H 1
| #define HAVE_SYS_SELECT_H 1
| #define HAVE_DECL_LE32TOH 0
| #define HAVE_DECL_LE64TOH 0
| #define HAVE_DECL_HTOLE32 0
| #define HAVE_DECL_HTOLE64 0
| #define HAVE_DECL_BE32TOH 0
| #define HAVE_DECL_BE64TOH 0
| #define HAVE_DECL_HTOBE32 0
| #define HAVE_DECL_HTOBE64 0
| /* end confdefs.h.  */
| 
|       #include <libdb48/db_cxx.h>
| 
| int
| main ()
| {
| 
|       #if !((DB_VERSION_MAJOR == 4 && DB_VERSION_MINOR >= 8) || DB_VERSION_MAJOR > 4)
|         #error "failed to find bdb 4.8+"
|       #endif
| 
|   ;
|   return 0;
| }
configure:10409: g++ -c -g -O2 -Wall -Wextra -Wformat -Wformat-security -Wno-unused-parameter  -Wstack-protector -fstack-protector-all -fPIE  -DBOOST_SPIRIT_THREADSAFE -DHAVE_BUILD_INFO -D__STDC_FORMAT_MACROS -I/usr/local/Cellar/berkeley-db4/4.8.30/include -DMAC_OSX  -U_FORTIFY_SOURCE -D_FORTIFY_SOURCE=2 conftest.cpp >&5
conftest.cpp:39:16: fatal error: 'db48/db_cxx.h' file not found
      #include <db48/db_cxx.h>
               ^
1 error generated.
configure:10409: $? = 1
configure: failed program was:
| /* confdefs.h */
| #define PACKAGE_NAME "FairCoin Core"
| #define PACKAGE_TARNAME "faircoin"
| #define PACKAGE_VERSION "1.5.2"
| #define PACKAGE_STRING "FairCoin Core 1.5.2"
| #define PACKAGE_BUGREPORT "support@fair-coin.org"
| #define PACKAGE_URL "https://fair-coin.org/"
| #define STDC_HEADERS 1
| #define HAVE_SYS_TYPES_H 1
| #define HAVE_SYS_STAT_H 1
| #define HAVE_STDLIB_H 1
| #define HAVE_STRING_H 1
| #define HAVE_MEMORY_H 1
| #define HAVE_STRINGS_H 1
| #define HAVE_INTTYPES_H 1
| #define HAVE_STDINT_H 1
| #define HAVE_UNISTD_H 1
| #define HAVE_PTHREAD_PRIO_INHERIT 1
| #define HAVE_PTHREAD 1
| #define HAVE_DECL_STRERROR_R 1
| #define HAVE_STRERROR_R 1
| #define HAVE_STDIO_H 1
| #define HAVE_STDLIB_H 1
| #define HAVE_UNISTD_H 1
| #define HAVE_STRINGS_H 1
| #define HAVE_SYS_TYPES_H 1
| #define HAVE_SYS_STAT_H 1
| #define HAVE_SYS_SELECT_H 1
| #define HAVE_DECL_LE32TOH 0
| #define HAVE_DECL_LE64TOH 0
| #define HAVE_DECL_HTOLE32 0
| #define HAVE_DECL_HTOLE64 0
| #define HAVE_DECL_BE32TOH 0
| #define HAVE_DECL_BE64TOH 0
| #define HAVE_DECL_HTOBE32 0
| #define HAVE_DECL_HTOBE64 0
| /* end confdefs.h.  */
| 
|       #include <db48/db_cxx.h>
| 
| int
| main ()
| {
| 
|       #if !((DB_VERSION_MAJOR == 4 && DB_VERSION_MINOR >= 8) || DB_VERSION_MAJOR > 4)
|         #error "failed to find bdb 4.8+"
|       #endif
| 
|   ;
|   return 0;
| }
configure:10409: g++ -c -g -O2 -Wall -Wextra -Wformat -Wformat-security -Wno-unused-parameter  -Wstack-protector -fstack-protector-all -fPIE  -DBOOST_SPIRIT_THREADSAFE -DHAVE_BUILD_INFO -D__STDC_FORMAT_MACROS -I/usr/local/Cellar/berkeley-db4/4.8.30/include -DMAC_OSX  -U_FORTIFY_SOURCE -D_FORTIFY_SOURCE=2 conftest.cpp >&5
conftest.cpp:39:16: fatal error: 'bdb4/db_cxx.h' file not found
      #include <bdb4/db_cxx.h>
               ^
1 error generated.
configure:10409: $? = 1
configure: failed program was:
| /* confdefs.h */
| #define PACKAGE_NAME "FairCoin Core"
| #define PACKAGE_TARNAME "faircoin"
| #define PACKAGE_VERSION "1.5.2"
| #define PACKAGE_STRING "FairCoin Core 1.5.2"
| #define PACKAGE_BUGREPORT "support@fair-coin.org"
| #define PACKAGE_URL "https://fair-coin.org/"
| #define STDC_HEADERS 1
| #define HAVE_SYS_TYPES_H 1
| #define HAVE_SYS_STAT_H 1
| #define HAVE_STDLIB_H 1
| #define HAVE_STRING_H 1
| #define HAVE_MEMORY_H 1
| #define HAVE_STRINGS_H 1
| #define HAVE_INTTYPES_H 1
| #define HAVE_STDINT_H 1
| #define HAVE_UNISTD_H 1
| #define HAVE_PTHREAD_PRIO_INHERIT 1
| #define HAVE_PTHREAD 1
| #define HAVE_DECL_STRERROR_R 1
| #define HAVE_STRERROR_R 1
| #define HAVE_STDIO_H 1
| #define HAVE_STDLIB_H 1
| #define HAVE_UNISTD_H 1
| #define HAVE_STRINGS_H 1
| #define HAVE_SYS_TYPES_H 1
| #define HAVE_SYS_STAT_H 1
| #define HAVE_SYS_SELECT_H 1
| #define HAVE_DECL_LE32TOH 0
| #define HAVE_DECL_LE64TOH 0
| #define HAVE_DECL_HTOLE32 0
| #define HAVE_DECL_HTOLE64 0
| #define HAVE_DECL_BE32TOH 0
| #define HAVE_DECL_BE64TOH 0
| #define HAVE_DECL_HTOBE32 0
| #define HAVE_DECL_HTOBE64 0
| /* end confdefs.h.  */
| 
|       #include <bdb4/db_cxx.h>
| 
| int
| main ()
| {
| 
|       #if !((DB_VERSION_MAJOR == 4 && DB_VERSION_MINOR >= 8) || DB_VERSION_MAJOR > 4)
|         #error "failed to find bdb 4.8+"
|       #endif
| 
|   ;
|   return 0;
| }
configure:10409: g++ -c -g -O2 -Wall -Wextra -Wformat -Wformat-security -Wno-unused-parameter  -Wstack-protector -fstack-protector-all -fPIE  -DBOOST_SPIRIT_THREADSAFE -DHAVE_BUILD_INFO -D__STDC_FORMAT_MACROS -I/usr/local/Cellar/berkeley-db4/4.8.30/include -DMAC_OSX  -U_FORTIFY_SOURCE -D_FORTIFY_SOURCE=2 conftest.cpp >&5
conftest.cpp:39:16: fatal error: 'libdb4/db_cxx.h' file not found
      #include <libdb4/db_cxx.h>
               ^
1 error generated.
configure:10409: $? = 1
configure: failed program was:
| /* confdefs.h */
| #define PACKAGE_NAME "FairCoin Core"
| #define PACKAGE_TARNAME "faircoin"
| #define PACKAGE_VERSION "1.5.2"
| #define PACKAGE_STRING "FairCoin Core 1.5.2"
| #define PACKAGE_BUGREPORT "support@fair-coin.org"
| #define PACKAGE_URL "https://fair-coin.org/"
| #define STDC_HEADERS 1
| #define HAVE_SYS_TYPES_H 1
| #define HAVE_SYS_STAT_H 1
| #define HAVE_STDLIB_H 1
| #define HAVE_STRING_H 1
| #define HAVE_MEMORY_H 1
| #define HAVE_STRINGS_H 1
| #define HAVE_INTTYPES_H 1
| #define HAVE_STDINT_H 1
| #define HAVE_UNISTD_H 1
| #define HAVE_PTHREAD_PRIO_INHERIT 1
| #define HAVE_PTHREAD 1
| #define HAVE_DECL_STRERROR_R 1
| #define HAVE_STRERROR_R 1
| #define HAVE_STDIO_H 1
| #define HAVE_STDLIB_H 1
| #define HAVE_UNISTD_H 1
| #define HAVE_STRINGS_H 1
| #define HAVE_SYS_TYPES_H 1
| #define HAVE_SYS_STAT_H 1
| #define HAVE_SYS_SELECT_H 1
| #define HAVE_DECL_LE32TOH 0
| #define HAVE_DECL_LE64TOH 0
| #define HAVE_DECL_HTOLE32 0
| #define HAVE_DECL_HTOLE64 0
| #define HAVE_DECL_BE32TOH 0
| #define HAVE_DECL_BE64TOH 0
| #define HAVE_DECL_HTOBE32 0
| #define HAVE_DECL_HTOBE64 0
| /* end confdefs.h.  */
| 
|       #include <libdb4/db_cxx.h>
| 
| int
| main ()
| {
| 
|       #if !((DB_VERSION_MAJOR == 4 && DB_VERSION_MINOR >= 8) || DB_VERSION_MAJOR > 4)
|         #error "failed to find bdb 4.8+"
|       #endif
| 
|   ;
|   return 0;
| }
configure:10409: g++ -c -g -O2 -Wall -Wextra -Wformat -Wformat-security -Wno-unused-parameter  -Wstack-protector -fstack-protector-all -fPIE  -DBOOST_SPIRIT_THREADSAFE -DHAVE_BUILD_INFO -D__STDC_FORMAT_MACROS -I/usr/local/Cellar/berkeley-db4/4.8.30/include -DMAC_OSX  -U_FORTIFY_SOURCE -D_FORTIFY_SOURCE=2 conftest.cpp >&5
conftest.cpp:39:16: fatal error: 'db4/db_cxx.h' file not found
      #include <db4/db_cxx.h>
               ^
1 error generated.
configure:10409: $? = 1
configure: failed program was:
| /* confdefs.h */
| #define PACKAGE_NAME "FairCoin Core"
| #define PACKAGE_TARNAME "faircoin"
| #define PACKAGE_VERSION "1.5.2"
| #define PACKAGE_STRING "FairCoin Core 1.5.2"
| #define PACKAGE_BUGREPORT "support@fair-coin.org"
| #define PACKAGE_URL "https://fair-coin.org/"
| #define STDC_HEADERS 1
| #define HAVE_SYS_TYPES_H 1
| #define HAVE_SYS_STAT_H 1
| #define HAVE_STDLIB_H 1
| #define HAVE_STRING_H 1
| #define HAVE_MEMORY_H 1
| #define HAVE_STRINGS_H 1
| #define HAVE_INTTYPES_H 1
| #define HAVE_STDINT_H 1
| #define HAVE_UNISTD_H 1
| #define HAVE_PTHREAD_PRIO_INHERIT 1
| #define HAVE_PTHREAD 1
| #define HAVE_DECL_STRERROR_R 1
| #define HAVE_STRERROR_R 1
| #define HAVE_STDIO_H 1
| #define HAVE_STDLIB_H 1
| #define HAVE_UNISTD_H 1
| #define HAVE_STRINGS_H 1
| #define HAVE_SYS_TYPES_H 1
| #define HAVE_SYS_STAT_H 1
| #define HAVE_SYS_SELECT_H 1
| #define HAVE_DECL_LE32TOH 0
| #define HAVE_DECL_LE64TOH 0
| #define HAVE_DECL_HTOLE32 0
| #define HAVE_DECL_HTOLE64 0
| #define HAVE_DECL_BE32TOH 0
| #define HAVE_DECL_BE64TOH 0
| #define HAVE_DECL_HTOBE32 0
| #define HAVE_DECL_HTOBE64 0
| /* end confdefs.h.  */
| 
|       #include <db4/db_cxx.h>
| 
| int
| main ()
| {
| 
|       #if !((DB_VERSION_MAJOR == 4 && DB_VERSION_MINOR >= 8) || DB_VERSION_MAJOR > 4)
|         #error "failed to find bdb 4.8+"
|       #endif
| 
|   ;
|   return 0;
| }
configure:10409: g++ -c -g -O2 -Wall -Wextra -Wformat -Wformat-security -Wno-unused-parameter  -Wstack-protector -fstack-protector-all -fPIE  -DBOOST_SPIRIT_THREADSAFE -DHAVE_BUILD_INFO -D__STDC_FORMAT_MACROS -I/usr/local/Cellar/berkeley-db4/4.8.30/include -DMAC_OSX  -U_FORTIFY_SOURCE -D_FORTIFY_SOURCE=2 conftest.cpp >&5
conftest.cpp:39:16: fatal error: 'bdb5/db_cxx.h' file not found
      #include <bdb5/db_cxx.h>
               ^
1 error generated.
configure:10409: $? = 1
configure: failed program was:
| /* confdefs.h */
| #define PACKAGE_NAME "FairCoin Core"
| #define PACKAGE_TARNAME "faircoin"
| #define PACKAGE_VERSION "1.5.2"
| #define PACKAGE_STRING "FairCoin Core 1.5.2"
| #define PACKAGE_BUGREPORT "support@fair-coin.org"
| #define PACKAGE_URL "https://fair-coin.org/"
| #define STDC_HEADERS 1
| #define HAVE_SYS_TYPES_H 1
| #define HAVE_SYS_STAT_H 1
| #define HAVE_STDLIB_H 1
| #define HAVE_STRING_H 1
| #define HAVE_MEMORY_H 1
| #define HAVE_STRINGS_H 1
| #define HAVE_INTTYPES_H 1
| #define HAVE_STDINT_H 1
| #define HAVE_UNISTD_H 1
| #define HAVE_PTHREAD_PRIO_INHERIT 1
| #define HAVE_PTHREAD 1
| #define HAVE_DECL_STRERROR_R 1
| #define HAVE_STRERROR_R 1
| #define HAVE_STDIO_H 1
| #define HAVE_STDLIB_H 1
| #define HAVE_UNISTD_H 1
| #define HAVE_STRINGS_H 1
| #define HAVE_SYS_TYPES_H 1
| #define HAVE_SYS_STAT_H 1
| #define HAVE_SYS_SELECT_H 1
| #define HAVE_DECL_LE32TOH 0
| #define HAVE_DECL_LE64TOH 0
| #define HAVE_DECL_HTOLE32 0
| #define HAVE_DECL_HTOLE64 0
| #define HAVE_DECL_BE32TOH 0
| #define HAVE_DECL_BE64TOH 0
| #define HAVE_DECL_HTOBE32 0
| #define HAVE_DECL_HTOBE64 0
| /* end confdefs.h.  */
| 
|       #include <bdb5/db_cxx.h>
| 
| int
| main ()
| {
| 
|       #if !((DB_VERSION_MAJOR == 4 && DB_VERSION_MINOR >= 8) || DB_VERSION_MAJOR > 4)
|         #error "failed to find bdb 4.8+"
|       #endif
| 
|   ;
|   return 0;
| }
configure:10409: g++ -c -g -O2 -Wall -Wextra -Wformat -Wformat-security -Wno-unused-parameter  -Wstack-protector -fstack-protector-all -fPIE  -DBOOST_SPIRIT_THREADSAFE -DHAVE_BUILD_INFO -D__STDC_FORMAT_MACROS -I/usr/local/Cellar/berkeley-db4/4.8.30/include -DMAC_OSX  -U_FORTIFY_SOURCE -D_FORTIFY_SOURCE=2 conftest.cpp >&5
conftest.cpp:39:16: fatal error: 'libdb5/db_cxx.h' file not found
      #include <libdb5/db_cxx.h>
               ^
1 error generated.
configure:10409: $? = 1
configure: failed program was:
| /* confdefs.h */
| #define PACKAGE_NAME "FairCoin Core"
| #define PACKAGE_TARNAME "faircoin"
| #define PACKAGE_VERSION "1.5.2"
| #define PACKAGE_STRING "FairCoin Core 1.5.2"
| #define PACKAGE_BUGREPORT "support@fair-coin.org"
| #define PACKAGE_URL "https://fair-coin.org/"
| #define STDC_HEADERS 1
| #define HAVE_SYS_TYPES_H 1
| #define HAVE_SYS_STAT_H 1
| #define HAVE_STDLIB_H 1
| #define HAVE_STRING_H 1
| #define HAVE_MEMORY_H 1
| #define HAVE_STRINGS_H 1
| #define HAVE_INTTYPES_H 1
| #define HAVE_STDINT_H 1
| #define HAVE_UNISTD_H 1
| #define HAVE_PTHREAD_PRIO_INHERIT 1
| #define HAVE_PTHREAD 1
| #define HAVE_DECL_STRERROR_R 1
| #define HAVE_STRERROR_R 1
| #define HAVE_STDIO_H 1
| #define HAVE_STDLIB_H 1
| #define HAVE_UNISTD_H 1
| #define HAVE_STRINGS_H 1
| #define HAVE_SYS_TYPES_H 1
| #define HAVE_SYS_STAT_H 1
| #define HAVE_SYS_SELECT_H 1
| #define HAVE_DECL_LE32TOH 0
| #define HAVE_DECL_LE64TOH 0
| #define HAVE_DECL_HTOLE32 0
| #define HAVE_DECL_HTOLE64 0
| #define HAVE_DECL_BE32TOH 0
| #define HAVE_DECL_BE64TOH 0
| #define HAVE_DECL_HTOBE32 0
| #define HAVE_DECL_HTOBE64 0
| /* end confdefs.h.  */
| 
|       #include <libdb5/db_cxx.h>
| 
| int
| main ()
| {
| 
|       #if !((DB_VERSION_MAJOR == 4 && DB_VERSION_MINOR >= 8) || DB_VERSION_MAJOR > 4)
|         #error "failed to find bdb 4.8+"
|       #endif
| 
|   ;
|   return 0;
| }
configure:10409: g++ -c -g -O2 -Wall -Wextra -Wformat -Wformat-security -Wno-unused-parameter  -Wstack-protector -fstack-protector-all -fPIE  -DBOOST_SPIRIT_THREADSAFE -DHAVE_BUILD_INFO -D__STDC_FORMAT_MACROS -I/usr/local/Cellar/berkeley-db4/4.8.30/include -DMAC_OSX  -U_FORTIFY_SOURCE -D_FORTIFY_SOURCE=2 conftest.cpp >&5
conftest.cpp:39:16: fatal error: 'db5/db_cxx.h' file not found
      #include <db5/db_cxx.h>
               ^
1 error generated.
configure:10409: $? = 1
configure: failed program was:
| /* confdefs.h */
| #define PACKAGE_NAME "FairCoin Core"
| #define PACKAGE_TARNAME "faircoin"
| #define PACKAGE_VERSION "1.5.2"
| #define PACKAGE_STRING "FairCoin Core 1.5.2"
| #define PACKAGE_BUGREPORT "support@fair-coin.org"
| #define PACKAGE_URL "https://fair-coin.org/"
| #define STDC_HEADERS 1
| #define HAVE_SYS_TYPES_H 1
| #define HAVE_SYS_STAT_H 1
| #define HAVE_STDLIB_H 1
| #define HAVE_STRING_H 1
| #define HAVE_MEMORY_H 1
| #define HAVE_STRINGS_H 1
| #define HAVE_INTTYPES_H 1
| #define HAVE_STDINT_H 1
| #define HAVE_UNISTD_H 1
| #define HAVE_PTHREAD_PRIO_INHERIT 1
| #define HAVE_PTHREAD 1
| #define HAVE_DECL_STRERROR_R 1
| #define HAVE_STRERROR_R 1
| #define HAVE_STDIO_H 1
| #define HAVE_STDLIB_H 1
| #define HAVE_UNISTD_H 1
| #define HAVE_STRINGS_H 1
| #define HAVE_SYS_TYPES_H 1
| #define HAVE_SYS_STAT_H 1
| #define HAVE_SYS_SELECT_H 1
| #define HAVE_DECL_LE32TOH 0
| #define HAVE_DECL_LE64TOH 0
| #define HAVE_DECL_HTOLE32 0
| #define HAVE_DECL_HTOLE64 0
| #define HAVE_DECL_BE32TOH 0
| #define HAVE_DECL_BE64TOH 0
| #define HAVE_DECL_HTOBE32 0
| #define HAVE_DECL_HTOBE64 0
| /* end confdefs.h.  */
| 
|       #include <db5/db_cxx.h>
| 
| int
| main ()
| {
| 
|       #if !((DB_VERSION_MAJOR == 4 && DB_VERSION_MINOR >= 8) || DB_VERSION_MAJOR > 4)
|         #error "failed to find bdb 4.8+"
|       #endif
| 
|   ;
|   return 0;
| }
configure:10409: g++ -c -g -O2 -Wall -Wextra -Wformat -Wformat-security -Wno-unused-parameter  -Wstack-protector -fstack-protector-all -fPIE  -DBOOST_SPIRIT_THREADSAFE -DHAVE_BUILD_INFO -D__STDC_FORMAT_MACROS -I/usr/local/Cellar/berkeley-db4/4.8.30/include -DMAC_OSX  -U_FORTIFY_SOURCE -D_FORTIFY_SOURCE=2 conftest.cpp >&5
conftest.cpp:39:16: fatal error: 'bdb/db_cxx.h' file not found
      #include <bdb/db_cxx.h>
               ^
1 error generated.
configure:10409: $? = 1
configure: failed program was:
| /* confdefs.h */
| #define PACKAGE_NAME "FairCoin Core"
| #define PACKAGE_TARNAME "faircoin"
| #define PACKAGE_VERSION "1.5.2"
| #define PACKAGE_STRING "FairCoin Core 1.5.2"
| #define PACKAGE_BUGREPORT "support@fair-coin.org"
| #define PACKAGE_URL "https://fair-coin.org/"
| #define STDC_HEADERS 1
| #define HAVE_SYS_TYPES_H 1
| #define HAVE_SYS_STAT_H 1
| #define HAVE_STDLIB_H 1
| #define HAVE_STRING_H 1
| #define HAVE_MEMORY_H 1
| #define HAVE_STRINGS_H 1
| #define HAVE_INTTYPES_H 1
| #define HAVE_STDINT_H 1
| #define HAVE_UNISTD_H 1
| #define HAVE_PTHREAD_PRIO_INHERIT 1
| #define HAVE_PTHREAD 1
| #define HAVE_DECL_STRERROR_R 1
| #define HAVE_STRERROR_R 1
| #define HAVE_STDIO_H 1
| #define HAVE_STDLIB_H 1
| #define HAVE_UNISTD_H 1
| #define HAVE_STRINGS_H 1
| #define HAVE_SYS_TYPES_H 1
| #define HAVE_SYS_STAT_H 1
| #define HAVE_SYS_SELECT_H 1
| #define HAVE_DECL_LE32TOH 0
| #define HAVE_DECL_LE64TOH 0
| #define HAVE_DECL_HTOLE32 0
| #define HAVE_DECL_HTOLE64 0
| #define HAVE_DECL_BE32TOH 0
| #define HAVE_DECL_BE64TOH 0
| #define HAVE_DECL_HTOBE32 0
| #define HAVE_DECL_HTOBE64 0
| /* end confdefs.h.  */
| 
|       #include <bdb/db_cxx.h>
| 
| int
| main ()
| {
| 
|       #if !((DB_VERSION_MAJOR == 4 && DB_VERSION_MINOR >= 8) || DB_VERSION_MAJOR > 4)
|         #error "failed to find bdb 4.8+"
|       #endif
| 
|   ;
|   return 0;
| }
configure:10409: g++ -c -g -O2 -Wall -Wextra -Wformat -Wformat-security -Wno-unused-parameter  -Wstack-protector -fstack-protector-all -fPIE  -DBOOST_SPIRIT_THREADSAFE -DHAVE_BUILD_INFO -D__STDC_FORMAT_MACROS -I/usr/local/Cellar/berkeley-db4/4.8.30/include -DMAC_OSX  -U_FORTIFY_SOURCE -D_FORTIFY_SOURCE=2 conftest.cpp >&5
conftest.cpp:39:16: fatal error: 'libdb/db_cxx.h' file not found
      #include <libdb/db_cxx.h>
               ^
1 error generated.
configure:10409: $? = 1
configure: failed program was:
| /* confdefs.h */
| #define PACKAGE_NAME "FairCoin Core"
| #define PACKAGE_TARNAME "faircoin"
| #define PACKAGE_VERSION "1.5.2"
| #define PACKAGE_STRING "FairCoin Core 1.5.2"
| #define PACKAGE_BUGREPORT "support@fair-coin.org"
| #define PACKAGE_URL "https://fair-coin.org/"
| #define STDC_HEADERS 1
| #define HAVE_SYS_TYPES_H 1
| #define HAVE_SYS_STAT_H 1
| #define HAVE_STDLIB_H 1
| #define HAVE_STRING_H 1
| #define HAVE_MEMORY_H 1
| #define HAVE_STRINGS_H 1
| #define HAVE_INTTYPES_H 1
| #define HAVE_STDINT_H 1
| #define HAVE_UNISTD_H 1
| #define HAVE_PTHREAD_PRIO_INHERIT 1
| #define HAVE_PTHREAD 1
| #define HAVE_DECL_STRERROR_R 1
| #define HAVE_STRERROR_R 1
| #define HAVE_STDIO_H 1
| #define HAVE_STDLIB_H 1
| #define HAVE_UNISTD_H 1
| #define HAVE_STRINGS_H 1
| #define HAVE_SYS_TYPES_H 1
| #define HAVE_SYS_STAT_H 1
| #define HAVE_SYS_SELECT_H 1
| #define HAVE_DECL_LE32TOH 0
| #define HAVE_DECL_LE64TOH 0
| #define HAVE_DECL_HTOLE32 0
| #define HAVE_DECL_HTOLE64 0
| #define HAVE_DECL_BE32TOH 0
| #define HAVE_DECL_BE64TOH 0
| #define HAVE_DECL_HTOBE32 0
| #define HAVE_DECL_HTOBE64 0
| /* end confdefs.h.  */
| 
|       #include <libdb/db_cxx.h>
| 
| int
| main ()
| {
| 
|       #if !((DB_VERSION_MAJOR == 4 && DB_VERSION_MINOR >= 8) || DB_VERSION_MAJOR > 4)
|         #error "failed to find bdb 4.8+"
|       #endif
| 
|   ;
|   return 0;
| }
configure:10409: g++ -c -g -O2 -Wall -Wextra -Wformat -Wformat-security -Wno-unused-parameter  -Wstack-protector -fstack-protector-all -fPIE  -DBOOST_SPIRIT_THREADSAFE -DHAVE_BUILD_INFO -D__STDC_FORMAT_MACROS -I/usr/local/Cellar/berkeley-db4/4.8.30/include -DMAC_OSX  -U_FORTIFY_SOURCE -D_FORTIFY_SOURCE=2 conftest.cpp >&5
conftest.cpp:39:16: fatal error: 'db/db_cxx.h' file not found
      #include <db/db_cxx.h>
               ^
1 error generated.
configure:10409: $? = 1
configure: failed program was:
| /* confdefs.h */
| #define PACKAGE_NAME "FairCoin Core"
| #define PACKAGE_TARNAME "faircoin"
| #define PACKAGE_VERSION "1.5.2"
| #define PACKAGE_STRING "FairCoin Core 1.5.2"
| #define PACKAGE_BUGREPORT "support@fair-coin.org"
| #define PACKAGE_URL "https://fair-coin.org/"
| #define STDC_HEADERS 1
| #define HAVE_SYS_TYPES_H 1
| #define HAVE_SYS_STAT_H 1
| #define HAVE_STDLIB_H 1
| #define HAVE_STRING_H 1
| #define HAVE_MEMORY_H 1
| #define HAVE_STRINGS_H 1
| #define HAVE_INTTYPES_H 1
| #define HAVE_STDINT_H 1
| #define HAVE_UNISTD_H 1
| #define HAVE_PTHREAD_PRIO_INHERIT 1
| #define HAVE_PTHREAD 1
| #define HAVE_DECL_STRERROR_R 1
| #define HAVE_STRERROR_R 1
| #define HAVE_STDIO_H 1
| #define HAVE_STDLIB_H 1
| #define HAVE_UNISTD_H 1
| #define HAVE_STRINGS_H 1
| #define HAVE_SYS_TYPES_H 1
| #define HAVE_SYS_STAT_H 1
| #define HAVE_SYS_SELECT_H 1
| #define HAVE_DECL_LE32TOH 0
| #define HAVE_DECL_LE64TOH 0
| #define HAVE_DECL_HTOLE32 0
| #define HAVE_DECL_HTOLE64 0
| #define HAVE_DECL_BE32TOH 0
| #define HAVE_DECL_BE64TOH 0
| #define HAVE_DECL_HTOBE32 0
| #define HAVE_DECL_HTOBE64 0
| /* end confdefs.h.  */
| 
|       #include <db/db_cxx.h>
| 
| int
| main ()
| {
| 
|       #if !((DB_VERSION_MAJOR == 4 && DB_VERSION_MINOR >= 8) || DB_VERSION_MAJOR > 4)
|         #error "failed to find bdb 4.8+"
|       #endif
| 
|   ;
|   return 0;
| }
configure:10409: g++ -c -g -O2 -Wall -Wextra -Wformat -Wformat-security -Wno-unused-parameter  -Wstack-protector -fstack-protector-all -fPIE  -DBOOST_SPIRIT_THREADSAFE -DHAVE_BUILD_INFO -D__STDC_FORMAT_MACROS -I/usr/local/Cellar/berkeley-db4/4.8.30/include -DMAC_OSX  -U_FORTIFY_SOURCE -D_FORTIFY_SOURCE=2 conftest.cpp >&5
conftest.cpp:39:16: fatal error: 'db_cxx.h' file not found
      #include <db_cxx.h>
               ^
1 error generated.
configure:10409: $? = 1
configure: failed program was:
| /* confdefs.h */
| #define PACKAGE_NAME "FairCoin Core"
| #define PACKAGE_TARNAME "faircoin"
| #define PACKAGE_VERSION "1.5.2"
| #define PACKAGE_STRING "FairCoin Core 1.5.2"
| #define PACKAGE_BUGREPORT "support@fair-coin.org"
| #define PACKAGE_URL "https://fair-coin.org/"
| #define STDC_HEADERS 1
| #define HAVE_SYS_TYPES_H 1
| #define HAVE_SYS_STAT_H 1
| #define HAVE_STDLIB_H 1
| #define HAVE_STRING_H 1
| #define HAVE_MEMORY_H 1
| #define HAVE_STRINGS_H 1
| #define HAVE_INTTYPES_H 1
| #define HAVE_STDINT_H 1
| #define HAVE_UNISTD_H 1
| #define HAVE_PTHREAD_PRIO_INHERIT 1
| #define HAVE_PTHREAD 1
| #define HAVE_DECL_STRERROR_R 1
| #define HAVE_STRERROR_R 1
| #define HAVE_STDIO_H 1
| #define HAVE_STDLIB_H 1
| #define HAVE_UNISTD_H 1
| #define HAVE_STRINGS_H 1
| #define HAVE_SYS_TYPES_H 1
| #define HAVE_SYS_STAT_H 1
| #define HAVE_SYS_SELECT_H 1
| #define HAVE_DECL_LE32TOH 0
| #define HAVE_DECL_LE64TOH 0
| #define HAVE_DECL_HTOLE32 0
| #define HAVE_DECL_HTOLE64 0
| #define HAVE_DECL_BE32TOH 0
| #define HAVE_DECL_BE64TOH 0
| #define HAVE_DECL_HTOBE32 0
| #define HAVE_DECL_HTOBE64 0
| /* end confdefs.h.  */
| 
|       #include <db_cxx.h>
| 
| int
| main ()
| {
| 
|       #if !((DB_VERSION_MAJOR == 4 && DB_VERSION_MINOR >= 8) || DB_VERSION_MAJOR > 4)
|         #error "failed to find bdb 4.8+"
|       #endif
| 
|   ;
|   return 0;
| }
configure:10447: result: no
configure:10449: error: libdb_cxx headers missing

## ---------------- ##
## Cache variables. ##
## ---------------- ##

ac_cv_build=x86_64-apple-darwin15.3.0
ac_cv_c_bigendian=no
ac_cv_c_compiler_gnu=yes
ac_cv_cxx_compiler_gnu=yes
ac_cv_env_CCC_set=
ac_cv_env_CCC_value=
ac_cv_env_CC_set=
ac_cv_env_CC_value=
ac_cv_env_CFLAGS_set=
ac_cv_env_CFLAGS_value=
ac_cv_env_CPPFLAGS_set=
ac_cv_env_CPPFLAGS_value=
ac_cv_env_CPP_set=
ac_cv_env_CPP_value=
ac_cv_env_CRYPTO_CFLAGS_set=
ac_cv_env_CRYPTO_CFLAGS_value=
ac_cv_env_CRYPTO_LIBS_set=
ac_cv_env_CRYPTO_LIBS_value=
ac_cv_env_CXXCPP_set=
ac_cv_env_CXXCPP_value=
ac_cv_env_CXXFLAGS_set=
ac_cv_env_CXXFLAGS_value=
ac_cv_env_CXX_set=
ac_cv_env_CXX_value=
ac_cv_env_LDFLAGS_set=
ac_cv_env_LDFLAGS_value=
ac_cv_env_LIBS_set=
ac_cv_env_LIBS_value=
ac_cv_env_OBJCFLAGS_set=
ac_cv_env_OBJCFLAGS_value=
ac_cv_env_OBJCXXFLAGS_set=
ac_cv_env_OBJCXXFLAGS_value=
ac_cv_env_OBJCXX_set=
ac_cv_env_OBJCXX_value=
ac_cv_env_OBJC_set=
ac_cv_env_OBJC_value=
ac_cv_env_PKG_CONFIG_LIBDIR_set=
ac_cv_env_PKG_CONFIG_LIBDIR_value=
ac_cv_env_PKG_CONFIG_PATH_set=
ac_cv_env_PKG_CONFIG_PATH_value=
ac_cv_env_PKG_CONFIG_set=
ac_cv_env_PKG_CONFIG_value=
ac_cv_env_PROTOBUF_CFLAGS_set=
ac_cv_env_PROTOBUF_CFLAGS_value=
ac_cv_env_PROTOBUF_LIBS_set=
ac_cv_env_PROTOBUF_LIBS_value=
ac_cv_env_QR_CFLAGS_set=
ac_cv_env_QR_CFLAGS_value=
ac_cv_env_QR_LIBS_set=
ac_cv_env_QR_LIBS_value=
ac_cv_env_QT_CFLAGS_set=
ac_cv_env_QT_CFLAGS_value=
ac_cv_env_QT_DBUS_CFLAGS_set=
ac_cv_env_QT_DBUS_CFLAGS_value=
ac_cv_env_QT_DBUS_LIBS_set=
ac_cv_env_QT_DBUS_LIBS_value=
ac_cv_env_QT_LIBS_set=
ac_cv_env_QT_LIBS_value=
ac_cv_env_QT_TEST_CFLAGS_set=
ac_cv_env_QT_TEST_CFLAGS_value=
ac_cv_env_QT_TEST_LIBS_set=
ac_cv_env_QT_TEST_LIBS_value=
ac_cv_env_SSL_CFLAGS_set=
ac_cv_env_SSL_CFLAGS_value=
ac_cv_env_SSL_LIBS_set=
ac_cv_env_SSL_LIBS_value=
ac_cv_env_build_alias_set=
ac_cv_env_build_alias_value=
ac_cv_env_host_alias_set=
ac_cv_env_host_alias_value=
ac_cv_env_target_alias_set=
ac_cv_env_target_alias_value=
ac_cv_func_strerror_r=yes
ac_cv_func_strerror_r_char_p=no
ac_cv_have_decl_be32toh=no
ac_cv_have_decl_be64toh=no
ac_cv_have_decl_htobe32=no
ac_cv_have_decl_htobe64=no
ac_cv_have_decl_htole32=no
ac_cv_have_decl_htole64=no
ac_cv_have_decl_le32toh=no
ac_cv_have_decl_le64toh=no
ac_cv_have_decl_strerror_r=yes
ac_cv_header_endian_h=no
ac_cv_header_inttypes_h=yes
ac_cv_header_memory_h=yes
ac_cv_header_stdc=yes
ac_cv_header_stdint_h=yes
ac_cv_header_stdio_h=yes
ac_cv_header_stdlib_h=yes
ac_cv_header_string_h=yes
ac_cv_header_strings_h=yes
ac_cv_header_sys_select_h=yes
ac_cv_header_sys_stat_h=yes
ac_cv_header_sys_types_h=yes
ac_cv_header_unistd_h=yes
ac_cv_host=x86_64-apple-darwin15.3.0
ac_cv_objc_compiler_gnu=yes
ac_cv_objcxx_compiler_gnu=yes
ac_cv_objext=o
ac_cv_path_EGREP='/usr/bin/grep -E'
ac_cv_path_GIT=/usr/local/bin/git
ac_cv_path_GREP=/usr/bin/grep
ac_cv_path_HEXDUMP=/usr/bin/hexdump
ac_cv_path_JAVA=/Library/Java/JavaVirtualMachines/jdk1.8.0_11.jdk/Contents/Home/bin/java
ac_cv_path_SED=/usr/bin/sed
ac_cv_path_ac_pt_AR=/usr/bin/ar
ac_cv_path_ac_pt_GCOV=/usr/bin/gcov
ac_cv_path_ac_pt_PKG_CONFIG=/usr/local/bin/pkg-config
ac_cv_path_ac_pt_RANLIB=/usr/bin/ranlib
ac_cv_path_ac_pt_STRIP=/usr/bin/strip
ac_cv_path_install='/usr/bin/install -c'
ac_cv_prog_AWK=awk
ac_cv_prog_BREW=brew
ac_cv_prog_CPP='gcc -E'
ac_cv_prog_CXXCPP='g++ -E'
ac_cv_prog_ac_ct_CC=gcc
ac_cv_prog_ac_ct_CXX=g++
ac_cv_prog_ac_ct_OBJC=gcc
ac_cv_prog_ac_ct_OBJCXX=g++
ac_cv_prog_cc_c89=
ac_cv_prog_cc_g=yes
ac_cv_prog_cxx_g=yes
ac_cv_prog_make_make_set=yes
ac_cv_prog_objc_g=yes
ac_cv_prog_objcxx_g=yes
ac_cv_sys_file_offset_bits=no
ac_cv_sys_largefile_CC=no
am_cv_CC_dependencies_compiler_type=gcc3
am_cv_CXX_dependencies_compiler_type=gcc3
am_cv_OBJCXX_dependencies_compiler_type=gcc3
am_cv_OBJC_dependencies_compiler_type=gcc3
am_cv_make_support_nested_variables=yes
am_cv_prog_cc_c_o=yes
ax_cv_PTHREAD_PRIO_INHERIT=yes
ax_cv_check_cxxcppflags___D_FORTIFY_SOURCE_2=yes
ax_cv_check_cxxcppflags___U_FORTIFY_SOURCE=yes
ax_cv_check_cxxflags___Wstack_protector=yes
ax_cv_check_cxxflags___fPIE=yes
ax_cv_check_cxxflags___fstack_protector_all=yes
ax_cv_check_ldflags___Wl___dynamicbase=no
ax_cv_check_ldflags___Wl___large_address_aware=no
ax_cv_check_ldflags___Wl___nxcompat=no
ax_cv_check_ldflags___Wl__dead_strip=yes
ax_cv_check_ldflags___Wl__z_now=no
ax_cv_check_ldflags___Wl__z_relro=no
ax_cv_check_ldflags___pie=yes

## ----------------- ##
## Output variables. ##
## ----------------- ##

ACLOCAL='${SHELL} /Users/rossi/Sites/nu-autotools/build-aux/missing aclocal-1.15'
AMDEPBACKSLASH='\'
AMDEP_FALSE='#'
AMDEP_TRUE=''
AMTAR='$${TAR-tar}'
AM_BACKSLASH='\'
AM_DEFAULT_V='$(AM_DEFAULT_VERBOSITY)'
AM_DEFAULT_VERBOSITY='0'
AM_V='$(V)'
AR='/usr/bin/ar'
AUTOCONF='${SHELL} /Users/rossi/Sites/nu-autotools/build-aux/missing autoconf'
AUTOHEADER='${SHELL} /Users/rossi/Sites/nu-autotools/build-aux/missing autoheader'
AUTOMAKE='${SHELL} /Users/rossi/Sites/nu-autotools/build-aux/missing automake-1.15'
AWK='awk'
BDB_CPPFLAGS=''
BDB_LIBS=''
BOOST_CHRONO_LIB=''
BOOST_CPPFLAGS=''
BOOST_FILESYSTEM_LIB=''
BOOST_LDFLAGS=''
BOOST_LIBS=''
BOOST_PROGRAM_OPTIONS_LIB=''
BOOST_SYSTEM_LIB=''
BOOST_THREAD_LIB=''
BOOST_UNIT_TEST_FRAMEWORK_LIB=''
BREW='brew'
BUILD_BITCOIND_FALSE=''
BUILD_BITCOIND_TRUE=''
BUILD_DARWIN_FALSE=''
BUILD_DARWIN_TRUE=''
BUILD_QT=''
BUILD_TEST=''
BUILD_TEST_QT=''
CC='gcc'
CCACHE=''
CCDEPMODE='depmode=gcc3'
CFLAGS='-g -O2 -Wall -Wextra -Wformat -Wformat-security -Wno-unused-parameter -DHAVE_BUILD_INFO  -Wstack-protector -fstack-protector-all -fPIE'
CLIENT_VERSION_BUILD=''
CLIENT_VERSION_IS_RELEASE=''
CLIENT_VERSION_MAJOR=''
CLIENT_VERSION_MINOR=''
CLIENT_VERSION_REVISION=''
COMPARISON_TOOL_REORG_TESTS='0'
COPYRIGHT_YEAR=''
CPP='gcc -E'
CPPFLAGS=' -DBOOST_SPIRIT_THREADSAFE -DHAVE_BUILD_INFO -D__STDC_FORMAT_MACROS -I/usr/local/Cellar/berkeley-db4/4.8.30/include -DMAC_OSX  -U_FORTIFY_SOURCE -D_FORTIFY_SOURCE=2'
CRYPTO_CFLAGS=''
CRYPTO_LIBS=''
CXX='g++'
CXXCPP='g++ -E'
CXXDEPMODE='depmode=gcc3'
CXXFLAGS='-g -O2 -Wall -Wextra -Wformat -Wformat-security -Wno-unused-parameter  -Wstack-protector -fstack-protector-all -fPIE'
CYGPATH_W='echo'
DEFS=''
DEPDIR='.deps'
ECHO_C='\c'
ECHO_N=''
ECHO_T=''
EGREP='/usr/bin/grep -E'
EMBEDDED_LEVELDB_FALSE='#'
EMBEDDED_LEVELDB_TRUE=''
ENABLE_QT_FALSE=''
ENABLE_QT_TESTS_FALSE=''
ENABLE_QT_TESTS_TRUE=''
ENABLE_QT_TRUE=''
ENABLE_TESTS_FALSE=''
ENABLE_TESTS_TRUE=''
ENABLE_WALLET_FALSE=''
ENABLE_WALLET_TRUE=''
EXEEXT=''
GCOV='/usr/bin/gcov'
GENHTML=''
GENISOIMAGE=''
GIT='/usr/local/bin/git'
GLIBC_BACK_COMPAT_FALSE=''
GLIBC_BACK_COMPAT_TRUE=''
GREP='/usr/bin/grep'
HEXDUMP='/usr/bin/hexdump'
INCLUDES=' -D_THREAD_SAFE -pthread'
INSTALLNAMETOOL=''
INSTALL_DATA='${INSTALL} -m 644'
INSTALL_PROGRAM='${INSTALL}'
INSTALL_SCRIPT='${INSTALL}'
INSTALL_STRIP_PROGRAM='$(install_sh) -c -s'
JAVA='/Library/Java/JavaVirtualMachines/jdk1.8.0_11.jdk/Contents/Home/bin/java'
JAVA_COMPARISON_TOOL=''
LCOV=''
LDFLAGS='  -pie -Wl,-dead_strip'
LEVELDB_CPPFLAGS=''
LEVELDB_TARGET_FLAGS='TARGET_OS=Darwin'
LIBLEVELDB=''
LIBMEMENV=''
LIBOBJS=''
LIBS=' -L/usr/local/Cellar/berkeley-db4/4.8.30/lib'
LN_S='ln -s'
LRELEASE=''
LTLIBOBJS=''
LUPDATE=''
MAINT=''
MAINTAINER_MODE_FALSE='#'
MAINTAINER_MODE_TRUE=''
MAKEINFO='${SHELL} /Users/rossi/Sites/nu-autotools/build-aux/missing makeinfo'
MAKENSIS=''
MKDIR_P='build-aux/install-sh -c -d'
MOC=''
MOC_DEFS=''
OBJC='gcc'
OBJCDEPMODE='depmode=gcc3'
OBJCFLAGS='-g -O2'
OBJCXX='g++'
OBJCXXDEPMODE='depmode=gcc3'
OBJCXXFLAGS='-g -O2 -Wall -Wextra -Wformat -Wformat-security -Wno-unused-parameter  -Wstack-protector -fstack-protector-all -fPIE'
OBJEXT='o'
OTOOL=''
PACKAGE='faircoin'
PACKAGE_BUGREPORT='support@fair-coin.org'
PACKAGE_NAME='FairCoin Core'
PACKAGE_STRING='FairCoin Core 1.5.2'
PACKAGE_TARNAME='faircoin'
PACKAGE_URL='https://fair-coin.org/'
PACKAGE_VERSION='1.5.2'
PATH_SEPARATOR=':'
PKG_CONFIG='/usr/local/bin/pkg-config'
PKG_CONFIG_LIBDIR=''
PKG_CONFIG_PATH='/usr/local/opt/openssl/lib/pkgconfig:'
PORT=''
PROTOBUF_CFLAGS=''
PROTOBUF_LIBS=''
PROTOC=''
PTHREAD_CC='gcc'
PTHREAD_CFLAGS='-D_THREAD_SAFE -pthread'
PTHREAD_LIBS=''
QR_CFLAGS=''
QR_LIBS=''
QT_CFLAGS=''
QT_DBUS_CFLAGS=''
QT_DBUS_INCLUDES=''
QT_DBUS_LIBS=''
QT_INCLUDES=''
QT_LDFLAGS=''
QT_LIBS=''
QT_SELECT=''
QT_TEST_CFLAGS=''
QT_TEST_INCLUDES=''
QT_TEST_LIBS=''
RANLIB='/usr/bin/ranlib'
RCC=''
SED='/usr/bin/sed'
SET_MAKE=''
SHELL='/bin/sh'
SSL_CFLAGS=''
SSL_LIBS=''
STRIP='/usr/bin/strip'
TARGET_DARWIN_FALSE=''
TARGET_DARWIN_TRUE=''
TARGET_WINDOWS_FALSE=''
TARGET_WINDOWS_TRUE=''
TESTDEFS=''
UIC=''
USE_COMPARISON_TOOL_FALSE=''
USE_COMPARISON_TOOL_REORG_TESTS_FALSE=''
USE_COMPARISON_TOOL_REORG_TESTS_TRUE=''
USE_COMPARISON_TOOL_TRUE=''
USE_LCOV_FALSE=''
USE_LCOV_TRUE=''
USE_QRCODE=''
USE_QRCODE_FALSE=''
USE_QRCODE_TRUE=''
USE_UPNP=''
VERSION='1.5.2'
WINDOWS_BITS=''
WINDRES=''
XGETTEXT=''
ac_ct_CC='gcc'
ac_ct_CXX='g++'
ac_ct_OBJC='gcc'
ac_ct_OBJCXX='g++'
am__EXEEXT_FALSE=''
am__EXEEXT_TRUE=''
am__fastdepCC_FALSE='#'
am__fastdepCC_TRUE=''
am__fastdepCXX_FALSE='#'
am__fastdepCXX_TRUE=''
am__fastdepOBJCXX_FALSE='#'
am__fastdepOBJCXX_TRUE=''
am__fastdepOBJC_FALSE='#'
am__fastdepOBJC_TRUE=''
am__include='include'
am__isrc=''
am__leading_dot='.'
am__nodep='_no'
am__quote=''
am__tar='$${TAR-tar} chof - "$$tardir"'
am__untar='$${TAR-tar} xf -'
ax_pthread_config=''
bindir='${exec_prefix}/bin'
build='x86_64-apple-darwin15.3.0'
build_alias=''
build_cpu='x86_64'
build_os='darwin15.3.0'
build_vendor='apple'
datadir='${datarootdir}'
datarootdir='${prefix}/share'
docdir='${datarootdir}/doc/${PACKAGE_TARNAME}'
dvidir='${docdir}'
exec_prefix='NONE'
host='x86_64-apple-darwin15.3.0'
host_alias=''
host_cpu='x86_64'
host_os='darwin15.3.0'
host_vendor='apple'
htmldir='${docdir}'
includedir='${prefix}/include'
infodir='${datarootdir}/info'
install_sh='${SHELL} /Users/rossi/Sites/nu-autotools/build-aux/install-sh'
libdir='${exec_prefix}/lib'
libexecdir='${exec_prefix}/libexec'
localedir='${datarootdir}/locale'
localstatedir='${prefix}/var'
mandir='${datarootdir}/man'
mkdir_p='$(MKDIR_P)'
oldincludedir='/usr/include'
pdfdir='${docdir}'
prefix='NONE'
program_transform_name='s,x,x,'
psdir='${docdir}'
sbindir='${exec_prefix}/sbin'
sharedstatedir='${prefix}/com'
sysconfdir='${prefix}/etc'
target_alias=''

## ----------- ##
## confdefs.h. ##
## ----------- ##

/* confdefs.h */
#define PACKAGE_NAME "FairCoin Core"
#define PACKAGE_TARNAME "faircoin"
#define PACKAGE_VERSION "1.5.2"
#define PACKAGE_STRING "FairCoin Core 1.5.2"
#define PACKAGE_BUGREPORT "support@fair-coin.org"
#define PACKAGE_URL "https://fair-coin.org/"
#define STDC_HEADERS 1
#define HAVE_SYS_TYPES_H 1
#define HAVE_SYS_STAT_H 1
#define HAVE_STDLIB_H 1
#define HAVE_STRING_H 1
#define HAVE_MEMORY_H 1
#define HAVE_STRINGS_H 1
#define HAVE_INTTYPES_H 1
#define HAVE_STDINT_H 1
#define HAVE_UNISTD_H 1
#define HAVE_PTHREAD_PRIO_INHERIT 1
#define HAVE_PTHREAD 1
#define HAVE_DECL_STRERROR_R 1
#define HAVE_STRERROR_R 1
#define HAVE_STDIO_H 1
#define HAVE_STDLIB_H 1
#define HAVE_UNISTD_H 1
#define HAVE_STRINGS_H 1
#define HAVE_SYS_TYPES_H 1
#define HAVE_SYS_STAT_H 1
#define HAVE_SYS_SELECT_H 1
#define HAVE_DECL_LE32TOH 0
#define HAVE_DECL_LE64TOH 0
#define HAVE_DECL_HTOLE32 0
#define HAVE_DECL_HTOLE64 0
#define HAVE_DECL_BE32TOH 0
#define HAVE_DECL_BE64TOH 0
#define HAVE_DECL_HTOBE32 0
#define HAVE_DECL_HTOBE64 0

configure: exit 1
